#
# There is insufficient memory for the Java Runtime Environment to continue.
# Native memory allocation (mmap) failed to map 105906176 bytes for committing reserved memory.
# Possible reasons:
#   The system is out of physical RAM or swap space
#   In 32 bit mode, the process size limit was hit
# Possible solutions:
#   Reduce memory load on the system
#   Increase physical memory or swap space
#   Check if swap backing store is full
#   Use 64 bit Java on a 64 bit OS
#   Decrease Java heap size (-Xmx/-Xms)
#   Decrease number of Java threads
#   Decrease Java thread stack sizes (-Xss)
#   Set larger code cache with -XX:ReservedCodeCacheSize=
# This output file may be truncated or incomplete.
#
#  Out of Memory Error (os_linux.cpp:2627), pid=12826, tid=139967154784000
#
# JRE version: Java(TM) SE Runtime Environment (8.0_91-b14) (build 1.8.0_91-b14)
# Java VM: Java HotSpot(TM) 64-Bit Server VM (25.91-b14 mixed mode linux-amd64 compressed oops)
# Failed to write core dump. Core dumps have been disabled. To enable core dumping, try "ulimit -c unlimited" before starting Java again
#

---------------  T H R E A D  ---------------

Current thread (0x00007f4cb8082800):  VMThread [stack: 0x00007f4ca47a8000,0x00007f4ca48a9000] [id=12836]

Stack: [0x00007f4ca47a8000,0x00007f4ca48a9000],  sp=0x00007f4ca48a72a0,  free space=1020k
Native frames: (J=compiled Java code, j=interpreted, Vv=VM code, C=native code)
V  [libjvm.so+0xabc18a]  VMError::report_and_die()+0x2ba
V  [libjvm.so+0x4fafeb]  report_vm_out_of_memory(char const*, int, unsigned long, VMErrorType, char const*)+0x8b
V  [libjvm.so+0x91cbb3]  os::Linux::commit_memory_impl(char*, unsigned long, bool)+0x103
V  [libjvm.so+0x91d109]  os::pd_commit_memory(char*, unsigned long, unsigned long, bool)+0x29
V  [libjvm.so+0x91740a]  os::commit_memory(char*, unsigned long, unsigned long, bool)+0x2a
V  [libjvm.so+0x98b033]  PSVirtualSpace::expand_by(unsigned long)+0x53
V  [libjvm.so+0x97b920]  PSOldGen::expand(unsigned long)+0x170
V  [libjvm.so+0x97bb2b]  PSOldGen::resize(unsigned long)+0x1cb
V  [libjvm.so+0x983801]  PSParallelCompact::invoke_no_policy(bool)+0x991
V  [libjvm.so+0x98915d]  PSScavenge::invoke()+0x1ad
V  [libjvm.so+0x9408b0]  ParallelScavengeHeap::failed_mem_allocate(unsigned long)+0x70
V  [libjvm.so+0xabdba7]  VM_ParallelGCFailedAllocation::doit()+0x97
V  [libjvm.so+0xac55d5]  VM_Operation::evaluate()+0x55
V  [libjvm.so+0xac39aa]  VMThread::evaluate_operation(VM_Operation*)+0xba
V  [libjvm.so+0xac3d2e]  VMThread::loop()+0x1ce
V  [libjvm.so+0xac41a0]  VMThread::run()+0x70
V  [libjvm.so+0x91ef78]  java_start(Thread*)+0x108

VM_Operation (0x00007f4c5e1b28f0): ParallelGCFailedAllocation, mode: safepoint, requested by thread 0x00007f4c18002000


---------------  P R O C E S S  ---------------

Java Threads: ( => current thread )
  0x00007f4c18002000 JavaThread "http-nio-8081-exec-1" daemon [_thread_blocked, id=12901, stack(0x00007f4c5e0b6000,0x00007f4c5e1b7000)]
  0x00007f4c45e5e800 JavaThread "http-nio-8081-AsyncTimeout" daemon [_thread_blocked, id=12874, stack(0x00007f4c5c22e000,0x00007f4c5c32f000)]
  0x00007f4c45e5d800 JavaThread "http-nio-8081-Acceptor-0" daemon [_thread_in_native, id=12873, stack(0x00007f4c5c32f000,0x00007f4c5c430000)]
  0x00007f4c45e59800 JavaThread "http-nio-8081-ClientPoller-1" daemon [_thread_in_native, id=12872, stack(0x00007f4c5c430000,0x00007f4c5c531000)]
  0x00007f4c45e3f800 JavaThread "http-nio-8081-ClientPoller-0" daemon [_thread_in_native, id=12871, stack(0x00007f4c5c531000,0x00007f4c5c632000)]
  0x00007f4c45e21800 JavaThread "NioBlockingSelector.BlockPoller-1" daemon [_thread_in_native, id=12870, stack(0x00007f4c5c632000,0x00007f4c5c733000)]
  0x00007f4c45cfd000 JavaThread "pool-2-thread-1" daemon [_thread_blocked, id=12868, stack(0x00007f4c5c933000,0x00007f4c5ca34000)]
  0x00007f4c45cc8800 JavaThread "cluster-ClusterId{value='57a1ad61c7b1b9321abe421f', description='null'}-localhost:27017" daemon [_thread_blocked, id=12867, stack(0x00007f4c5ca34000,0x00007f4c5cb35000)]
  0x00007f4c44554000 JavaThread "container-0" [_thread_blocked, id=12863, stack(0x00007f4c5cd35000,0x00007f4c5ce36000)]
  0x00007f4c3c057800 JavaThread "ContainerBackgroundProcessor[StandardEngine[Tomcat].StandardHost[localhost].StandardContext[]]" daemon [_thread_blocked, id=12862, stack(0x00007f4c5ce36000,0x00007f4c5cf37000)]
  0x00007f4cb80ed800 JavaThread "Service Thread" daemon [_thread_blocked, id=12851, stack(0x00007f4c5fbfc000,0x00007f4c5fcfd000)]
  0x00007f4cb80d9800 JavaThread "C1 CompilerThread3" daemon [_thread_blocked, id=12850, stack(0x00007f4c5fcfd000,0x00007f4c5fdfe000)]
  0x00007f4cb80d7800 JavaThread "C2 CompilerThread2" daemon [_thread_blocked, id=12849, stack(0x00007f4c5fdfe000,0x00007f4c5feff000)]
  0x00007f4cb80d5800 JavaThread "C2 CompilerThread1" daemon [_thread_blocked, id=12848, stack(0x00007f4c5feff000,0x00007f4c60000000)]
  0x00007f4cb80d2800 JavaThread "C2 CompilerThread0" daemon [_thread_blocked, id=12847, stack(0x00007f4c8c02e000,0x00007f4c8c12f000)]
  0x00007f4c68001000 JavaThread "JDWP Command Reader" daemon [_thread_in_native, id=12843, stack(0x00007f4c8c12f000,0x00007f4c8c230000)]
  0x00007f4cb80d0800 JavaThread "JDWP Event Helper Thread" daemon [_thread_blocked, id=12842, stack(0x00007f4ca409f000,0x00007f4ca41a0000)]
  0x00007f4cb80cd000 JavaThread "JDWP Transport Listener: dt_socket" daemon [_thread_blocked, id=12841, stack(0x00007f4ca41a0000,0x00007f4ca42a1000)]
  0x00007f4cb80c1000 JavaThread "Signal Dispatcher" daemon [_thread_blocked, id=12840, stack(0x00007f4ca44a5000,0x00007f4ca45a6000)]
  0x00007f4cb808e800 JavaThread "Finalizer" daemon [_thread_blocked, id=12838, stack(0x00007f4ca45a6000,0x00007f4ca46a7000)]
  0x00007f4cb808a000 JavaThread "Reference Handler" daemon [_thread_blocked, id=12837, stack(0x00007f4ca46a7000,0x00007f4ca47a8000)]
  0x00007f4cb800c800 JavaThread "main" [_thread_blocked, id=12827, stack(0x00007f4cbec81000,0x00007f4cbed82000)]

Other Threads:
=>0x00007f4cb8082800 VMThread [stack: 0x00007f4ca47a8000,0x00007f4ca48a9000] [id=12836]
  0x00007f4cb80f0800 WatcherThread [stack: 0x00007f4c5fafb000,0x00007f4c5fbfc000] [id=12852]

VM state:at safepoint (normal execution)

VM Mutex/Monitor currently owned by a thread:  ([mutex/lock_event])
[0x00007f4cb8008360] ExpandHeap_lock - owner thread: 0x00007f4cb8082800
[0x00007f4cb80089e0] Threads_lock - owner thread: 0x00007f4cb8082800
[0x00007f4cb8008ee0] Heap_lock - owner thread: 0x00007f4c18002000

Heap:
 PSYoungGen      total 316928K, used 0K [0x00000000d6d00000, 0x00000000f0d80000, 0x0000000100000000)
  eden space 291328K, 0% used [0x00000000d6d00000,0x00000000d6d00000,0x00000000e8980000)
  from space 25600K, 0% used [0x00000000e8980000,0x00000000e8980000,0x00000000ea280000)
  to   space 29184K, 0% used [0x00000000ef100000,0x00000000ef100000,0x00000000f0d80000)
 ParOldGen       total 126464K, used 119918K [0x0000000084600000, 0x000000008c180000, 0x00000000d6d00000)
  object space 126464K, 94% used [0x0000000084600000,0x000000008bb1bbb8,0x000000008c180000)
 Metaspace       used 47985K, capacity 48846K, committed 49320K, reserved 1091584K
  class space    used 6013K, capacity 6262K, committed 6320K, reserved 1048576K

Card table byte_map: [0x00007f4ca7de3000,0x00007f4ca81c1000] byte_map_base: 0x00007f4ca79c0000

Marking Bits: (ParMarkBitMap*) 0x00007f4cbe155d60
 Begin Bits: [0x00007f4c8c230000, 0x00007f4c8e118000)
 End Bits:   [0x00007f4c8e118000, 0x00007f4c90000000)

Polling page: 0x00007f4cbeda5000

CodeCache: size=245760Kb used=17353Kb max_used=18307Kb free=228406Kb
 bounds [0x00007f4ca8581000, 0x00007f4ca97b1000, 0x00007f4cb7581000]
 total_blobs=5353 nmethods=4902 adapters=372
 compilation: enabled

Compilation events (10 events):
Event: 167,497 Thread 0x00007f4cb80d9800 5941   !   3       sun.nio.ch.EPollArrayWrapper::updateRegistrations (156 bytes)
Event: 167,498 Thread 0x00007f4cb80d9800 nmethod 5941 0x00007f4ca9336cd0 code [0x00007f4ca9336ec0, 0x00007f4ca93376e8]
Event: 167,498 Thread 0x00007f4cb80d9800 5943       3       sun.nio.ch.EPollArrayWrapper::poll (70 bytes)
Event: 167,498 Thread 0x00007f4cb80d9800 nmethod 5943 0x00007f4ca887d410 code [0x00007f4ca887d5c0, 0x00007f4ca887da38]
Event: 173,086 Thread 0x00007f4cb80d9800 5944       3       sun.nio.ch.SelectorImpl::select (34 bytes)
Event: 173,087 Thread 0x00007f4cb80d9800 nmethod 5944 0x00007f4ca8fb97d0 code [0x00007f4ca8fb9960, 0x00007f4ca8fb9c78]
Event: 173,088 Thread 0x00007f4cb80d9800 5945       3       java.util.concurrent.ScheduledThreadPoolExecutor::now (4 bytes)
Event: 173,088 Thread 0x00007f4cb80d9800 nmethod 5945 0x00007f4ca8cc6dd0 code [0x00007f4ca8cc6f40, 0x00007f4ca8cc70b0]
Event: 173,089 Thread 0x00007f4cb80d9800 5946       3       java.util.concurrent.ScheduledThreadPoolExecutor$ScheduledFutureTask::getDelay (20 bytes)
Event: 173,090 Thread 0x00007f4cb80d9800 nmethod 5946 0x00007f4ca936b950 code [0x00007f4ca936bae0, 0x00007f4ca936be28]

GC Heap History (10 events):
Event: 3,973 GC heap after
Heap after GC invocations=9 (full 1):
 PSYoungGen      total 226816K, used 13805K [0x00000000d6d00000, 0x00000000e7f00000, 0x0000000100000000)
  eden space 212992K, 0% used [0x00000000d6d00000,0x00000000d6d00000,0x00000000e3d00000)
  from space 13824K, 99% used [0x00000000e7180000,0x00000000e7efb6c0,0x00000000e7f00000)
  to   space 15872K, 0% used [0x00000000e6000000,0x00000000e6000000,0x00000000e6f80000)
 ParOldGen       total 67072K, used 20452K [0x0000000084600000, 0x0000000088780000, 0x00000000d6d00000)
  object space 67072K, 30% used [0x0000000084600000,0x00000000859f91c0,0x0000000088780000)
 Metaspace       used 29315K, capacity 29964K, committed 30128K, reserved 1075200K
  class space    used 3525K, capacity 3710K, committed 3760K, reserved 1048576K
}
Event: 5,101 GC heap before
{Heap before GC invocations=10 (full 1):
 PSYoungGen      total 226816K, used 151643K [0x00000000d6d00000, 0x00000000e7f00000, 0x0000000100000000)
  eden space 212992K, 64% used [0x00000000d6d00000,0x00000000df39b770,0x00000000e3d00000)
  from space 13824K, 99% used [0x00000000e7180000,0x00000000e7efb6c0,0x00000000e7f00000)
  to   space 15872K, 0% used [0x00000000e6000000,0x00000000e6000000,0x00000000e6f80000)
 ParOldGen       total 67072K, used 20452K [0x0000000084600000, 0x0000000088780000, 0x00000000d6d00000)
  object space 67072K, 30% used [0x0000000084600000,0x00000000859f91c0,0x0000000088780000)
 Metaspace       used 34566K, capacity 35260K, committed 35496K, reserved 1081344K
  class space    used 4208K, capacity 4422K, committed 4528K, reserved 1048576K
Event: 5,125 GC heap after
Heap after GC invocations=10 (full 1):
 PSYoungGen      total 264704K, used 15861K [0x00000000d6d00000, 0x00000000eb600000, 0x0000000100000000)
  eden space 248832K, 0% used [0x00000000d6d00000,0x00000000d6d00000,0x00000000e6000000)
  from space 15872K, 99% used [0x00000000e6000000,0x00000000e6f7d6e8,0x00000000e6f80000)
  to   space 19968K, 0% used [0x00000000ea280000,0x00000000ea280000,0x00000000eb600000)
 ParOldGen       total 67072K, used 25432K [0x0000000084600000, 0x0000000088780000, 0x00000000d6d00000)
  object space 67072K, 37% used [0x0000000084600000,0x0000000085ed6200,0x0000000088780000)
 Metaspace       used 34566K, capacity 35260K, committed 35496K, reserved 1081344K
  class space    used 4208K, capacity 4422K, committed 4528K, reserved 1048576K
}
Event: 5,125 GC heap before
{Heap before GC invocations=11 (full 2):
 PSYoungGen      total 264704K, used 15861K [0x00000000d6d00000, 0x00000000eb600000, 0x0000000100000000)
  eden space 248832K, 0% used [0x00000000d6d00000,0x00000000d6d00000,0x00000000e6000000)
  from space 15872K, 99% used [0x00000000e6000000,0x00000000e6f7d6e8,0x00000000e6f80000)
  to   space 19968K, 0% used [0x00000000ea280000,0x00000000ea280000,0x00000000eb600000)
 ParOldGen       total 67072K, used 25432K [0x0000000084600000, 0x0000000088780000, 0x00000000d6d00000)
  object space 67072K, 37% used [0x0000000084600000,0x0000000085ed6200,0x0000000088780000)
 Metaspace       used 34566K, capacity 35260K, committed 35496K, reserved 1081344K
  class space    used 4208K, capacity 4422K, committed 4528K, reserved 1048576K
Event: 5,188 GC heap after
Heap after GC invocations=11 (full 2):
 PSYoungGen      total 264704K, used 0K [0x00000000d6d00000, 0x00000000eb600000, 0x0000000100000000)
  eden space 248832K, 0% used [0x00000000d6d00000,0x00000000d6d00000,0x00000000e6000000)
  from space 15872K, 0% used [0x00000000e6000000,0x00000000e6000000,0x00000000e6f80000)
  to   space 19968K, 0% used [0x00000000ea280000,0x00000000ea280000,0x00000000eb600000)
 ParOldGen       total 100864K, used 34785K [0x0000000084600000, 0x000000008a880000, 0x00000000d6d00000)
  object space 100864K, 34% used [0x0000000084600000,0x00000000867f8548,0x000000008a880000)
 Metaspace       used 34566K, capacity 35260K, committed 35496K, reserved 1081344K
  class space    used 4208K, capacity 4422K, committed 4528K, reserved 1048576K
}
Event: 92,547 GC heap before
{Heap before GC invocations=12 (full 2):
 PSYoungGen      total 264704K, used 247671K [0x00000000d6d00000, 0x00000000eb600000, 0x0000000100000000)
  eden space 248832K, 99% used [0x00000000d6d00000,0x00000000e5eddf10,0x00000000e6000000)
  from space 15872K, 0% used [0x00000000e6000000,0x00000000e6000000,0x00000000e6f80000)
  to   space 19968K, 0% used [0x00000000ea280000,0x00000000ea280000,0x00000000eb600000)
 ParOldGen       total 100864K, used 34785K [0x0000000084600000, 0x000000008a880000, 0x00000000d6d00000)
  object space 100864K, 34% used [0x0000000084600000,0x00000000867f8548,0x000000008a880000)
 Metaspace       used 47966K, capacity 48846K, committed 49320K, reserved 1091584K
  class space    used 6013K, capacity 6262K, committed 6320K, reserved 1048576K
Event: 92,572 GC heap after
Heap after GC invocations=12 (full 2):
 PSYoungGen      total 311296K, used 19950K [0x00000000d6d00000, 0x00000000edc00000, 0x0000000100000000)
  eden space 291328K, 0% used [0x00000000d6d00000,0x00000000d6d00000,0x00000000e8980000)
  from space 19968K, 99% used [0x00000000ea280000,0x00000000eb5fbb90,0x00000000eb600000)
  to   space 25600K, 0% used [0x00000000e8980000,0x00000000e8980000,0x00000000ea280000)
 ParOldGen       total 100864K, used 42759K [0x0000000084600000, 0x000000008a880000, 0x00000000d6d00000)
  object space 100864K, 42% used [0x0000000084600000,0x0000000086fc1db0,0x000000008a880000)
 Metaspace       used 47966K, capacity 48846K, committed 49320K, reserved 1091584K
  class space    used 6013K, capacity 6262K, committed 6320K, reserved 1048576K
}
Event: 173,250 GC heap before
{Heap before GC invocations=13 (full 2):
 PSYoungGen      total 311296K, used 307796K [0x00000000d6d00000, 0x00000000edc00000, 0x0000000100000000)
  eden space 291328K, 98% used [0x00000000d6d00000,0x00000000e86197b8,0x00000000e8980000)
  from space 19968K, 99% used [0x00000000ea280000,0x00000000eb5fbb90,0x00000000eb600000)
  to   space 25600K, 0% used [0x00000000e8980000,0x00000000e8980000,0x00000000ea280000)
 ParOldGen       total 100864K, used 42759K [0x0000000084600000, 0x000000008a880000, 0x00000000d6d00000)
  object space 100864K, 42% used [0x0000000084600000,0x0000000086fc1db0,0x000000008a880000)
 Metaspace       used 47985K, capacity 48846K, committed 49320K, reserved 1091584K
  class space    used 6013K, capacity 6262K, committed 6320K, reserved 1048576K
Event: 173,313 GC heap after
Heap after GC invocations=13 (full 2):
 PSYoungGen      total 316928K, used 25227K [0x00000000d6d00000, 0x00000000f0d80000, 0x0000000100000000)
  eden space 291328K, 0% used [0x00000000d6d00000,0x00000000d6d00000,0x00000000e8980000)
  from space 25600K, 98% used [0x00000000e8980000,0x00000000ea222f10,0x00000000ea280000)
  to   space 29184K, 0% used [0x00000000ef100000,0x00000000ef100000,0x00000000f0d80000)
 ParOldGen       total 126464K, used 115205K [0x0000000084600000, 0x000000008c180000, 0x00000000d6d00000)
  object space 126464K, 91% used [0x0000000084600000,0x000000008b681798,0x000000008c180000)
 Metaspace       used 47985K, capacity 48846K, committed 49320K, reserved 1091584K
  class space    used 6013K, capacity 6262K, committed 6320K, reserved 1048576K
}
Event: 173,314 GC heap before
{Heap before GC invocations=14 (full 3):
 PSYoungGen      total 316928K, used 25227K [0x00000000d6d00000, 0x00000000f0d80000, 0x0000000100000000)
  eden space 291328K, 0% used [0x00000000d6d00000,0x00000000d6d00000,0x00000000e8980000)
  from space 25600K, 98% used [0x00000000e8980000,0x00000000ea222f10,0x00000000ea280000)
  to   space 29184K, 0% used [0x00000000ef100000,0x00000000ef100000,0x00000000f0d80000)
 ParOldGen       total 126464K, used 115205K [0x0000000084600000, 0x000000008c180000, 0x00000000d6d00000)
  object space 126464K, 91% used [0x0000000084600000,0x000000008b681798,0x000000008c180000)
 Metaspace       used 47985K, capacity 48846K, committed 49320K, reserved 1091584K
  class space    used 6013K, capacity 6262K, committed 6320K, reserved 1048576K

Deoptimization events (10 events):
Event: 7,165 Thread 0x00007f4cb9013800 Uncommon trap: reason=unstable_if action=reinterpret pc=0x00007f4ca96858ec method=org.springframework.util.ReflectionUtils.doWithMethods(Ljava/lang/Class;Lorg/springframework/util/ReflectionUtils$MethodCallback;Lorg/springframework/util/ReflectionUtils$Me
Event: 7,817 Thread 0x00007f4c45cfd000 Uncommon trap: reason=unstable_if action=reinterpret pc=0x00007f4ca927e918 method=java.util.concurrent.locks.AbstractQueuedSynchronizer.release(I)Z @ 14
Event: 16,884 Thread 0x00007f4c45cc8800 Uncommon trap: reason=bimorphic action=maybe_recompile pc=0x00007f4ca90adf90 method=java.util.AbstractCollection.addAll(Ljava/util/Collection;)Z @ 29
Event: 26,886 Thread 0x00007f4c45cc8800 Uncommon trap: reason=bimorphic action=maybe_recompile pc=0x00007f4ca90adf90 method=java.util.AbstractCollection.addAll(Ljava/util/Collection;)Z @ 29
Event: 48,085 Thread 0x00007f4c18002000 Uncommon trap: reason=unstable_if action=reinterpret pc=0x00007f4ca8adaaa0 method=java.util.HashMap.putMapEntries(Ljava/util/Map;Z)V @ 53
Event: 48,103 Thread 0x00007f4c18002000 Uncommon trap: reason=class_check action=maybe_recompile pc=0x00007f4ca957a034 method=java.util.TreeMap.put(Ljava/lang/Object;Ljava/lang/Object;)Ljava/lang/Object; @ 127
Event: 48,103 Thread 0x00007f4c18002000 Uncommon trap: reason=class_check action=maybe_recompile pc=0x00007f4ca957a034 method=java.util.TreeMap.put(Ljava/lang/Object;Ljava/lang/Object;)Ljava/lang/Object; @ 127
Event: 48,103 Thread 0x00007f4c18002000 Uncommon trap: reason=class_check action=maybe_recompile pc=0x00007f4ca957a034 method=java.util.TreeMap.put(Ljava/lang/Object;Ljava/lang/Object;)Ljava/lang/Object; @ 127
Event: 48,113 Thread 0x00007f4c18002000 Uncommon trap: reason=null_check action=make_not_entrant pc=0x00007f4ca97707a8 method=org.springframework.core.annotation.AnnotatedElementUtils.searchWithFindSemantics(Ljava/lang/reflect/AnnotatedElement;Ljava/lang/Class;Ljava/lang/String;Ljava/lang/Class
Event: 92,572 Thread 0x00007f4cb808a000 Uncommon trap: reason=unstable_if action=reinterpret pc=0x00007f4ca952642c method=java.lang.ref.Reference.tryHandlePending(Z)Z @ 20

Internal exceptions (10 events):
Event: 55,262 Thread 0x00007f4c18002000 Exception <a 'java/lang/ArrayIndexOutOfBoundsException': 86> (0x00000000e4e3ead0) thrown at [/HUDSON/workspace/8-2-build-linux-amd64/jdk8u91/6644/hotspot/src/share/vm/interpreter/interpreterRuntime.cpp, line 366]
Event: 55,262 Thread 0x00007f4c18002000 Exception <a 'java/lang/ArrayIndexOutOfBoundsException': 40> (0x00000000e4e3fe68) thrown at [/HUDSON/workspace/8-2-build-linux-amd64/jdk8u91/6644/hotspot/src/share/vm/interpreter/interpreterRuntime.cpp, line 366]
Event: 55,291 Thread 0x00007f4c18002000 Exception <a 'java/lang/ArrayIndexOutOfBoundsException': 72> (0x00000000e4f29bb0) thrown at [/HUDSON/workspace/8-2-build-linux-amd64/jdk8u91/6644/hotspot/src/share/vm/interpreter/interpreterRuntime.cpp, line 366]
Event: 55,328 Thread 0x00007f4c18002000 Exception <a 'java/lang/ArrayIndexOutOfBoundsException': 31> (0x00000000e4fefc30) thrown at [/HUDSON/workspace/8-2-build-linux-amd64/jdk8u91/6644/hotspot/src/share/vm/interpreter/interpreterRuntime.cpp, line 366]
Event: 55,340 Thread 0x00007f4c18002000 Exception <a 'java/lang/ArrayIndexOutOfBoundsException': 28> (0x00000000e501ccc0) thrown at [/HUDSON/workspace/8-2-build-linux-amd64/jdk8u91/6644/hotspot/src/share/vm/interpreter/interpreterRuntime.cpp, line 366]
Event: 55,374 Thread 0x00007f4c18002000 Exception <a 'java/lang/ArrayIndexOutOfBoundsException': 56> (0x00000000e50fa560) thrown at [/HUDSON/workspace/8-2-build-linux-amd64/jdk8u91/6644/hotspot/src/share/vm/interpreter/interpreterRuntime.cpp, line 366]
Event: 55,375 Thread 0x00007f4c18002000 Exception <a 'java/lang/ArrayIndexOutOfBoundsException': 89> (0x00000000e50fc278) thrown at [/HUDSON/workspace/8-2-build-linux-amd64/jdk8u91/6644/hotspot/src/share/vm/interpreter/interpreterRuntime.cpp, line 366]
Event: 55,375 Thread 0x00007f4c18002000 Exception <a 'java/lang/ArrayIndexOutOfBoundsException': 60> (0x00000000e50fdbc8) thrown at [/HUDSON/workspace/8-2-build-linux-amd64/jdk8u91/6644/hotspot/src/share/vm/interpreter/interpreterRuntime.cpp, line 366]
Event: 55,386 Thread 0x00007f4c18002000 Exception <a 'java/lang/ArrayIndexOutOfBoundsException': 56> (0x00000000e51202a8) thrown at [/HUDSON/workspace/8-2-build-linux-amd64/jdk8u91/6644/hotspot/src/share/vm/interpreter/interpreterRuntime.cpp, line 366]
Event: 55,387 Thread 0x00007f4c18002000 Exception <a 'java/lang/ArrayIndexOutOfBoundsException': 89> (0x00000000e5121fc0) thrown at [/HUDSON/workspace/8-2-build-linux-amd64/jdk8u91/6644/hotspot/src/share/vm/interpreter/interpreterRuntime.cpp, line 366]

Events (10 events):
Event: 173,086 Executing VM operation: ChangeSingleStep done
Event: 173,089 Thread 0x00007f4cb80d9800 flushing nmethod 0x00007f4ca8fce410
Event: 173,089 Thread 0x00007f4cb80d9800 flushing nmethod 0x00007f4ca9099e90
Event: 173,090 Thread 0x00007f4cb80d9800 flushing nmethod 0x00007f4ca912bf90
Event: 173,090 Thread 0x00007f4cb80d9800 flushing nmethod 0x00007f4ca9152d10
Event: 173,090 Thread 0x00007f4cb80d9800 flushing nmethod 0x00007f4ca9187990
Event: 173,090 Thread 0x00007f4cb80d9800 flushing nmethod 0x00007f4ca9188050
Event: 173,090 Thread 0x00007f4cb80d9800 flushing nmethod 0x00007f4ca91b5310
Event: 173,090 Thread 0x00007f4cb80d9800 flushing nmethod 0x00007f4ca91baf10
Event: 173,250 Executing VM operation: ParallelGCFailedAllocation


Dynamic libraries:
00400000-00401000 r-xp 00000000 08:01 9839507                            /usr/lib/jvm/java-8-oracle/bin/java
00600000-00601000 rw-p 00000000 08:01 9839507                            /usr/lib/jvm/java-8-oracle/bin/java
0179e000-017bf000 rw-p 00000000 00:00 0                                  [heap]
84600000-8c180000 rw-p 00000000 00:00 0 
92680000-d6d00000 ---p 00000000 00:00 0 
d6d00000-f0d80000 rw-p 00000000 00:00 0 
f0d80000-100000000 ---p 00000000 00:00 0 
100000000-10062c000 rw-p 00000000 00:00 0 
10062c000-140000000 ---p 00000000 00:00 0 
7f4c10000000-7f4c10021000 rw-p 00000000 00:00 0 
7f4c10021000-7f4c14000000 ---p 00000000 00:00 0 
7f4c1737e000-7f4c17395000 r-xp 00000000 08:01 7603304                    /lib/x86_64-linux-gnu/libresolv-2.23.so
7f4c17395000-7f4c17595000 ---p 00017000 08:01 7603304                    /lib/x86_64-linux-gnu/libresolv-2.23.so
7f4c17595000-7f4c17596000 r--p 00017000 08:01 7603304                    /lib/x86_64-linux-gnu/libresolv-2.23.so
7f4c17596000-7f4c17597000 rw-p 00018000 08:01 7603304                    /lib/x86_64-linux-gnu/libresolv-2.23.so
7f4c17597000-7f4c17599000 rw-p 00000000 00:00 0 
7f4c17599000-7f4c1759e000 r-xp 00000000 08:01 7603311                    /lib/x86_64-linux-gnu/libnss_dns-2.23.so
7f4c1759e000-7f4c1779e000 ---p 00005000 08:01 7603311                    /lib/x86_64-linux-gnu/libnss_dns-2.23.so
7f4c1779e000-7f4c1779f000 r--p 00005000 08:01 7603311                    /lib/x86_64-linux-gnu/libnss_dns-2.23.so
7f4c1779f000-7f4c177a0000 rw-p 00006000 08:01 7603311                    /lib/x86_64-linux-gnu/libnss_dns-2.23.so
7f4c177a0000-7f4c177a2000 r-xp 00000000 08:01 7606579                    /lib/x86_64-linux-gnu/libnss_mdns4_minimal.so.2
7f4c177a2000-7f4c179a1000 ---p 00002000 08:01 7606579                    /lib/x86_64-linux-gnu/libnss_mdns4_minimal.so.2
7f4c179a1000-7f4c179a2000 r--p 00001000 08:01 7606579                    /lib/x86_64-linux-gnu/libnss_mdns4_minimal.so.2
7f4c179a2000-7f4c179a3000 rw-p 00002000 08:01 7606579                    /lib/x86_64-linux-gnu/libnss_mdns4_minimal.so.2
7f4c179a3000-7f4c17ba3000 rw-p 00000000 00:00 0 
7f4c17ba3000-7f4c17bb9000 r-xp 00000000 08:01 7602236                    /lib/x86_64-linux-gnu/libgcc_s.so.1
7f4c17bb9000-7f4c17db8000 ---p 00016000 08:01 7602236                    /lib/x86_64-linux-gnu/libgcc_s.so.1
7f4c17db8000-7f4c17db9000 rw-p 00015000 08:01 7602236                    /lib/x86_64-linux-gnu/libgcc_s.so.1
7f4c17db9000-7f4c17deb000 r-xp 00000000 08:01 10092913                   /usr/lib/jvm/java-8-oracle/jre/lib/amd64/libsunec.so
7f4c17deb000-7f4c17fea000 ---p 00032000 08:01 10092913                   /usr/lib/jvm/java-8-oracle/jre/lib/amd64/libsunec.so
7f4c17fea000-7f4c17ff0000 rw-p 00031000 08:01 10092913                   /usr/lib/jvm/java-8-oracle/jre/lib/amd64/libsunec.so
7f4c17ff0000-7f4c18000000 rw-p 00000000 00:00 0 
7f4c18000000-7f4c18021000 rw-p 00000000 00:00 0 
7f4c18021000-7f4c1c000000 ---p 00000000 00:00 0 
7f4c1c000000-7f4c1c021000 rw-p 00000000 00:00 0 
7f4c1c021000-7f4c20000000 ---p 00000000 00:00 0 
7f4c20000000-7f4c20021000 rw-p 00000000 00:00 0 
7f4c20021000-7f4c24000000 ---p 00000000 00:00 0 
7f4c24000000-7f4c24021000 rw-p 00000000 00:00 0 
7f4c24021000-7f4c28000000 ---p 00000000 00:00 0 
7f4c28000000-7f4c280ee000 rw-p 00000000 00:00 0 
7f4c280ee000-7f4c2c000000 ---p 00000000 00:00 0 
7f4c2c000000-7f4c2c021000 rw-p 00000000 00:00 0 
7f4c2c021000-7f4c30000000 ---p 00000000 00:00 0 
7f4c30000000-7f4c30021000 rw-p 00000000 00:00 0 
7f4c30021000-7f4c34000000 ---p 00000000 00:00 0 
7f4c34000000-7f4c34021000 rw-p 00000000 00:00 0 
7f4c34021000-7f4c38000000 ---p 00000000 00:00 0 
7f4c38000000-7f4c38c06000 rw-p 00000000 00:00 0 
7f4c38c06000-7f4c3c000000 ---p 00000000 00:00 0 
7f4c3c000000-7f4c3c05f000 rw-p 00000000 00:00 0 
7f4c3c05f000-7f4c40000000 ---p 00000000 00:00 0 
7f4c40000000-7f4c40021000 rw-p 00000000 00:00 0 
7f4c40021000-7f4c44000000 ---p 00000000 00:00 0 
7f4c44000000-7f4c45e6e000 rw-p 00000000 00:00 0 
7f4c45e6e000-7f4c48000000 ---p 00000000 00:00 0 
7f4c48000000-7f4c48021000 rw-p 00000000 00:00 0 
7f4c48021000-7f4c4c000000 ---p 00000000 00:00 0 
7f4c4c000000-7f4c4c021000 rw-p 00000000 00:00 0 
7f4c4c021000-7f4c50000000 ---p 00000000 00:00 0 
7f4c50000000-7f4c51ca3000 rw-p 00000000 00:00 0 
7f4c51ca3000-7f4c54000000 ---p 00000000 00:00 0 
7f4c54000000-7f4c55c02000 rw-p 00000000 00:00 0 
7f4c55c02000-7f4c58000000 ---p 00000000 00:00 0 
7f4c58000000-7f4c5a5f6000 rw-p 00000000 00:00 0 
7f4c5a5f6000-7f4c5c000000 ---p 00000000 00:00 0 
7f4c5c02e000-7f4c5c22e000 rw-p 00000000 00:00 0 
7f4c5c22e000-7f4c5c231000 ---p 00000000 00:00 0 
7f4c5c231000-7f4c5c32f000 rw-p 00000000 00:00 0 
7f4c5c32f000-7f4c5c332000 ---p 00000000 00:00 0 
7f4c5c332000-7f4c5c430000 rw-p 00000000 00:00 0 
7f4c5c430000-7f4c5c433000 ---p 00000000 00:00 0 
7f4c5c433000-7f4c5c531000 rw-p 00000000 00:00 0 
7f4c5c531000-7f4c5c534000 ---p 00000000 00:00 0 
7f4c5c534000-7f4c5c632000 rw-p 00000000 00:00 0 
7f4c5c632000-7f4c5c635000 ---p 00000000 00:00 0 
7f4c5c635000-7f4c5c933000 rw-p 00000000 00:00 0 
7f4c5c933000-7f4c5c936000 ---p 00000000 00:00 0 
7f4c5c936000-7f4c5ca34000 rw-p 00000000 00:00 0 
7f4c5ca34000-7f4c5ca37000 ---p 00000000 00:00 0 
7f4c5ca37000-7f4c5cd35000 rw-p 00000000 00:00 0 
7f4c5cd35000-7f4c5cd38000 ---p 00000000 00:00 0 
7f4c5cd38000-7f4c5ce36000 rw-p 00000000 00:00 0 
7f4c5ce36000-7f4c5ce39000 ---p 00000000 00:00 0 
7f4c5ce39000-7f4c5d137000 rw-p 00000000 00:00 0 
7f4c5d137000-7f4c5d13a000 ---p 00000000 00:00 0 
7f4c5d13a000-7f4c5d436000 rw-p 00000000 00:00 0 
7f4c5d436000-7f4c5d438000 ---p 00000000 00:00 0 
7f4c5d438000-7f4c5d4cd000 r--s 01103000 08:01 9967520                    /usr/lib/jvm/java-8-oracle/jre/lib/ext/jfxrt.jar
7f4c5d4cd000-7f4c5d6cd000 rw-p 00000000 00:00 0 
7f4c5d7c5000-7f4c5d9c5000 rw-p 00000000 00:00 0 
7f4c5d9c5000-7f4c5dbc5000 rw-p 00000000 00:00 0 
7f4c5dca8000-7f4c5dca9000 r--s 00009000 08:01 9967517                    /usr/lib/jvm/java-8-oracle/jre/lib/ext/sunec.jar
7f4c5dca9000-7f4c5dcad000 r--s 0003a000 08:01 9967524                    /usr/lib/jvm/java-8-oracle/jre/lib/ext/sunpkcs11.jar
7f4c5dcad000-7f4c5dcb0000 r--s 0001a000 08:01 9967501                    /usr/lib/jvm/java-8-oracle/jre/lib/jce.jar
7f4c5dcb0000-7f4c5deb0000 rw-p 00000000 00:00 0 
7f4c5deb0000-7f4c5e0b0000 rw-p 00000000 00:00 0 
7f4c5e0b0000-7f4c5e0b6000 r--s 002f8000 08:01 9967485                    /usr/lib/jvm/java-8-oracle/jre/lib/charsets.jar
7f4c5e0b6000-7f4c5e0b9000 ---p 00000000 00:00 0 
7f4c5e0b9000-7f4c5e1b7000 rw-p 00000000 00:00 0 
7f4c5e1b7000-7f4c5e1c0000 r-xp 00000000 08:01 10092969                   /usr/lib/jvm/java-8-oracle/jre/lib/amd64/libmanagement.so
7f4c5e1c0000-7f4c5e3bf000 ---p 00009000 08:01 10092969                   /usr/lib/jvm/java-8-oracle/jre/lib/amd64/libmanagement.so
7f4c5e3bf000-7f4c5e3c0000 rw-p 00008000 08:01 10092969                   /usr/lib/jvm/java-8-oracle/jre/lib/amd64/libmanagement.so
7f4c5e3c0000-7f4c5e3d3000 r--s 00344000 08:01 9967491                    /usr/lib/jvm/java-8-oracle/jre/lib/resources.jar
7f4c5e3d3000-7f4c5e5d3000 rw-p 00000000 00:00 0 
7f4c5e5d3000-7f4c5e7d3000 rw-p 00000000 00:00 0 
7f4c5e7d3000-7f4c5e7da000 r--s 00000000 08:01 10092992                   /usr/lib/x86_64-linux-gnu/gconv/gconv-modules.cache
7f4c5e7da000-7f4c5e7f7000 r--p 00000000 08:01 11012338                   /usr/share/locale-langpack/tr/LC_MESSAGES/libc.mo
7f4c5e7f7000-7f4c5e9f7000 rw-p 00000000 00:00 0 
7f4c5e9f7000-7f4c5e9f9000 r--s 0000f000 08:01 9967876                    /home/oguz/.m2/repository/org/jboss/logging/jboss-logging/3.3.0.Final/jboss-logging-3.3.0.Final.jar
7f4c5e9f9000-7f4c5ea02000 r--s 00054000 08:01 7085293                    /home/oguz/.m2/repository/org/springframework/spring-aop/4.3.2.RELEASE/spring-aop-4.3.2.RELEASE.jar
7f4c5ea02000-7f4c5ea14000 r--s 0011b000 08:01 6035819                    /home/oguz/.m2/repository/com/fasterxml/jackson/core/jackson-databind/2.8.1/jackson-databind-2.8.1.jar
7f4c5ea14000-7f4c5ea1e000 r--s 00069000 08:01 7084295                    /home/oguz/.m2/repository/ch/qos/logback/logback-core/1.1.7/logback-core-1.1.7.jar
7f4c5ea1e000-7f4c5ea23000 r--s 0003c000 08:01 7217987                    /home/oguz/.m2/repository/org/springframework/spring-expression/4.3.2.RELEASE/spring-expression-4.3.2.RELEASE.jar
7f4c5ea23000-7f4c5ea2a000 r--s 00044000 08:01 7084294                    /home/oguz/.m2/repository/ch/qos/logback/logback-classic/1.1.7/logback-classic-1.1.7.jar
7f4c5ea2a000-7f4c5ea2d000 r--s 0000d000 08:01 11934168                   /home/oguz/.m2/repository/org/springframework/data/spring-data-neo4j/4.1.2.RELEASE/spring-data-neo4j-4.1.2.RELEASE.jar
7f4c5ea2d000-7f4c5ea31000 r--s 00036000 08:01 9050579                    /home/oguz/.m2/repository/org/neo4j/neo4j-ogm-core/2.0.4/neo4j-ogm-core-2.0.4.jar
7f4c5ea31000-7f4c5ea32000 r--s 00000000 08:01 8397841                    /home/oguz/.m2/repository/org/springframework/boot/spring-boot-starter-logging/1.4.0.BUILD-SNAPSHOT/spring-boot-starter-logging-1.4.0.BUILD-SNAPSHOT.jar
7f4c5ea32000-7f4c5ea35000 r--s 0000b000 08:01 6035820                    /home/oguz/.m2/repository/com/fasterxml/jackson/core/jackson-annotations/2.8.1/jackson-annotations-2.8.1.jar
7f4c5ea35000-7f4c5ea36000 r--s 00000000 08:01 8143599                    /home/oguz/.m2/repository/org/springframework/boot/spring-boot-starter/1.4.0.BUILD-SNAPSHOT/spring-boot-starter-1.4.0.BUILD-SNAPSHOT.jar
7f4c5ea36000-7f4c5ea43000 r--s 000ab000 08:01 6952821                    /home/oguz/.m2/repository/org/springframework/spring-beans/4.3.0.RELEASE/spring-beans-4.3.0.RELEASE.jar
7f4c5ea43000-7f4c5ea45000 r--s 00009000 08:01 5642158                    /home/oguz/.m2/repository/org/slf4j/slf4j-api/1.7.21/slf4j-api-1.7.21.jar
7f4c5ea45000-7f4c5ea57000 r--s 000ce000 08:01 6299402                    /home/oguz/.m2/repository/org/springframework/spring-webmvc/4.3.2.RELEASE/spring-webmvc-4.3.2.RELEASE.jar
7f4c5ea57000-7f4c5ea69000 r--s 000cd000 08:01 6822053                    /home/oguz/.m2/repository/org/mongodb/mongodb-driver-core/3.2.2/mongodb-driver-core-3.2.2.jar
7f4c5ea69000-7f4c5ea6e000 r--s 00033000 08:01 7084395                    /home/oguz/.m2/repository/org/mongodb/bson/3.2.2/bson-3.2.2.jar
7f4c5ea6e000-7f4c5ea6f000 r--s 00000000 08:01 7877922                    /home/oguz/.m2/repository/org/springframework/boot/spring-boot-starter-data-mongodb/1.4.0.BUILD-SNAPSHOT/spring-boot-starter-data-mongodb-1.4.0.BUILD-SNAPSHOT.jar
7f4c5ea6f000-7f4c5ea70000 r--s 00000000 08:01 8524801                    /home/oguz/.m2/repository/org/springframework/boot/spring-boot-starter-tomcat/1.4.0.BUILD-SNAPSHOT/spring-boot-starter-tomcat-1.4.0.BUILD-SNAPSHOT.jar
7f4c5ea70000-7f4c5ea77000 r--s 0003f000 08:01 9316041                    /home/oguz/.m2/repository/commons-codec/commons-codec/1.10/commons-codec-1.10.jar
7f4c5ea77000-7f4c5ea87000 r--s 0009c000 08:01 11409089                   /home/oguz/.m2/repository/org/springframework/data/spring-data-mongodb/1.9.2.RELEASE/spring-data-mongodb-1.9.2.RELEASE.jar
7f4c5ea87000-7f4c5ea97000 r--s 000a8000 08:01 5665211                    /home/oguz/.m2/repository/org/apache/commons/commons-collections4/4.1/commons-collections4-4.1.jar
7f4c5ea97000-7f4c5eab0000 r--s 000fc000 08:01 7085299                    /home/oguz/.m2/repository/org/springframework/spring-context/4.3.2.RELEASE/spring-context-4.3.2.RELEASE.jar
7f4c5eab0000-7f4c5eab6000 r--s 0004f000 08:01 6822052                    /home/oguz/.m2/repository/org/mongodb/mongodb-driver/3.2.2/mongodb-driver-3.2.2.jar
7f4c5eab6000-7f4c5eadf000 r--s 002af000 08:01 9317164                    /home/oguz/.m2/repository/org/apache/tomcat/embed/tomcat-embed-core/8.5.4/tomcat-embed-core-8.5.4.jar
7f4c5eadf000-7f4c5eaf4000 r--s 00141000 08:01 6162531                    /home/oguz/.m2/repository/org/projectlombok/lombok/1.16.10/lombok-1.16.10.jar
7f4c5eaf4000-7f4c5eb06000 r--s 000b5000 08:01 7217985                    /home/oguz/.m2/repository/org/springframework/spring-web/4.3.2.RELEASE/spring-web-4.3.2.RELEASE.jar
7f4c5eb06000-7f4c5eb08000 r--s 00004000 08:01 7474738                    /home/oguz/.m2/repository/org/slf4j/log4j-over-slf4j/1.7.21/log4j-over-slf4j-1.7.21.jar
7f4c5eb08000-7f4c5eb0a000 r--s 00003000 08:01 6952837                    /home/oguz/.m2/repository/org/slf4j/jcl-over-slf4j/1.7.21/jcl-over-slf4j-1.7.21.jar
7f4c5eb0a000-7f4c5eb0e000 r--s 0000c000 08:01 6428313                    /home/oguz/.m2/repository/javax/validation/validation-api/1.1.0.Final/validation-api-1.1.0.Final.jar
7f4c5eb0e000-7f4c5eb1a000 r--s 000a6000 08:01 5665260                    /home/oguz/.m2/repository/net/sourceforge/jexcelapi/jxl/2.6.12/jxl-2.6.12.jar
7f4c5eb1a000-7f4c5eb1b000 r--s 00000000 08:01 11934166                   /home/oguz/.m2/repository/org/springframework/boot/spring-boot-starter-data-neo4j/1.4.0.BUILD-SNAPSHOT/spring-boot-starter-data-neo4j-1.4.0.BUILD-SNAPSHOT.jar
7f4c5eb1b000-7f4c5eb23000 r--s 0003a000 08:01 6299401                    /home/oguz/.m2/repository/org/springframework/spring-tx/4.3.2.RELEASE/spring-tx-4.3.2.RELEASE.jar
7f4c5eb23000-7f4c5eb28000 r--s 00036000 08:01 9723350                    /home/oguz/.m2/repository/org/apache/tomcat/embed/tomcat-embed-websocket/8.5.4/tomcat-embed-websocket-8.5.4.jar
7f4c5eb28000-7f4c5eb29000 r--s 00005000 08:01 9050578                    /home/oguz/.m2/repository/org/neo4j/neo4j-ogm-http-driver/2.0.4/neo4j-ogm-http-driver-2.0.4.jar
7f4c5eb29000-7f4c5eb3a000 r--s 00098000 08:01 11409090                   /home/oguz/.m2/repository/org/springframework/data/spring-data-commons/1.12.2.RELEASE/spring-data-commons-1.12.2.RELEASE.jar
7f4c5eb3a000-7f4c5eb41000 r--s 00053000 08:01 7474073                    /home/oguz/.m2/repository/log4j/log4j/1.2.14/log4j-1.2.14.jar
7f4c5eb41000-7f4c5eb45000 r--s 0002a000 08:01 9309961                    /home/oguz/.m2/repository/commons-io/commons-io/2.4/commons-io-2.4.jar
7f4c5eb45000-7f4c5eb46000 r--s 00005000 08:01 8261412                    /home/oguz/.m2/repository/com/googlecode/json-simple/json-simple/1.1.1/json-simple-1.1.1.jar
7f4c5eb46000-7f4c5eb53000 r--s 000a7000 08:01 9316137                    /home/oguz/.m2/repository/org/apache/httpcomponents/httpclient/4.5.2/httpclient-4.5.2.jar
7f4c5eb53000-7f4c5eb59000 r--s 0003d000 08:01 9572494                    /home/oguz/.m2/repository/org/yaml/snakeyaml/1.17/snakeyaml-1.17.jar
7f4c5eb59000-7f4c5eb60000 r--s 00049000 08:01 11934169                   /home/oguz/.m2/repository/org/apache/httpcomponents/httpcore/4.4.5/httpcore-4.4.5.jar
7f4c5eb60000-7f4c5eb7d000 r--s 000c7000 08:01 8268412                    /home/oguz/.m2/repository/org/springframework/boot/spring-boot-autoconfigure/1.4.0.BUILD-SNAPSHOT/spring-boot-autoconfigure-1.4.0.BUILD-SNAPSHOT.jar
7f4c5eb7d000-7f4c5eb7f000 r--s 00005000 08:01 5642242                    /home/oguz/.m2/repository/com/google/gcm/gcm-server/1.0.0/gcm-server-1.0.0.jar
7f4c5eb7f000-7f4c5eb80000 r--s 00000000 08:01 8397842                    /home/oguz/.m2/repository/org/springframework/boot/spring-boot-starter-web/1.4.0.BUILD-SNAPSHOT/spring-boot-starter-web-1.4.0.BUILD-SNAPSHOT.jar
7f4c5eb80000-7f4c5eb82000 r--s 00004000 08:01 9050576                    /home/oguz/.m2/repository/org/neo4j/neo4j-ogm-compiler/2.0.4/neo4j-ogm-compiler-2.0.4.jar
7f4c5eb82000-7f4c5eb91000 r--s 0008f000 08:01 8143600                    /home/oguz/.m2/repository/org/springframework/boot/spring-boot/1.4.0.BUILD-SNAPSHOT/spring-boot-1.4.0.BUILD-SNAPSHOT.jar
7f4c5eb91000-7f4c5eb96000 r--s 00036000 08:01 9441672                    /home/oguz/.m2/repository/org/apache/tomcat/embed/tomcat-embed-el/8.5.4/tomcat-embed-el-8.5.4.jar
7f4c5eb96000-7f4c5eb98000 r--s 0000e000 08:01 7084299                    /home/oguz/.m2/repository/com/fasterxml/classmate/1.3.1/classmate-1.3.1.jar
7f4c5eb98000-7f4c5eba8000 r--s 0009c000 08:01 9316297                    /home/oguz/.m2/repository/org/hibernate/hibernate-validator/5.2.4.Final/hibernate-validator-5.2.4.Final.jar
7f4c5eba8000-7f4c5ebaa000 r--s 00000000 08:01 7474732                    /home/oguz/.m2/repository/org/slf4j/jul-to-slf4j/1.7.21/jul-to-slf4j-1.7.21.jar
7f4c5ebaa000-7f4c5ebae000 r--s 00015000 08:01 9050577                    /home/oguz/.m2/repository/org/neo4j/neo4j-ogm-api/2.0.4/neo4j-ogm-api-2.0.4.jar
7f4c5ebae000-7f4c5ebb2000 r--s 00041000 08:01 5904670                    /home/oguz/.m2/repository/com/fasterxml/jackson/core/jackson-core/2.8.1/jackson-core-2.8.1.jar
7f4c5ebb2000-7f4c5ebb9000 r--s 00064000 08:01 9441434                    /home/oguz/.m2/repository/org/apache/commons/commons-lang3/3.4/commons-lang3-3.4.jar
7f4c5ebb9000-7f4c5ebbc000 ---p 00000000 00:00 0 
7f4c5ebbc000-7f4c5ecba000 rw-p 00000000 00:00 0 
7f4c5ecba000-7f4c5ece5000 r--s 001fc000 08:01 9441665                    /home/oguz/.m2/repository/com/google/guava/guava/18.0/guava-18.0.jar
7f4c5ece5000-7f4c5ece6000 r--s 00008000 08:01 5636983                    /home/oguz/.m2/repository/asm/asm-util/3.2/asm-util-3.2.jar
7f4c5ece6000-7f4c5ece7000 r--s 00004000 08:01 5636985                    /home/oguz/.m2/repository/asm/asm-analysis/3.2/asm-analysis-3.2.jar
7f4c5ece7000-7f4c5ecea000 r--s 00013000 08:01 6821854                    /home/oguz/.m2/repository/commons-io/commons-io/1.3.2/commons-io-1.3.2.jar
7f4c5ecea000-7f4c5eceb000 r--s 00002000 08:01 8143383                    /home/oguz/.m2/repository/org/vafer/jdependency/0.7/jdependency-0.7.jar
7f4c5eceb000-7f4c5ecee000 r--s 0000c000 08:01 8143382                    /home/oguz/.m2/repository/org/apache/maven/shared/maven-dependency-tree/2.1/maven-dependency-tree-2.1.jar
7f4c5ecee000-7f4c5ecf1000 r--s 00023000 08:01 8143380                    /home/oguz/.m2/repository/org/jdom/jdom/1.1/jdom-1.1.jar
7f4c5ecf1000-7f4c5ecf3000 r--s 00004000 08:01 6690822                    /home/oguz/.m2/repository/asm/asm-tree/3.3.1/asm-tree-3.3.1.jar
7f4c5ecf3000-7f4c5ecf5000 r--s 00008000 08:01 5641788                    /home/oguz/.m2/repository/asm/asm-commons/3.3.1/asm-commons-3.3.1.jar
7f4c5ecf5000-7f4c5ecf6000 r--s 0000a000 08:01 5637957                    /home/oguz/.m2/repository/asm/asm/3.3.1/asm-3.3.1.jar
7f4c5ecf6000-7f4c5ed01000 r--s 00069000 08:01 9310162                    /home/oguz/.m2/repository/org/sonatype/sisu/sisu-guice/2.1.7/sisu-guice-2.1.7-noaop.jar
7f4c5ed01000-7f4c5ed06000 r--s 00021000 08:01 9310159                    /home/oguz/.m2/repository/org/sonatype/sisu/sisu-inject-bean/1.4.2/sisu-inject-bean-1.4.2.jar
7f4c5ed06000-7f4c5ed08000 r--s 00017000 08:01 8143379                    /home/oguz/.m2/repository/org/apache/maven/plugins/maven-shade-plugin/2.2/maven-shade-plugin-2.2.jar
7f4c5ed08000-7f4c5ed0c000 r--s 00038000 08:01 5899177                    /home/oguz/.m2/repository/org/codehaus/plexus/plexus-utils/3.0.20/plexus-utils-3.0.20.jar
7f4c5ed0c000-7f4c5ed13000 r--s 00056000 08:01 5899173                    /home/oguz/.m2/repository/org/apache/commons/commons-compress/1.9/commons-compress-1.9.jar
7f4c5ed13000-7f4c5ed17000 r--s 0000f000 08:01 5903309                    /home/oguz/.m2/repository/org/codehaus/plexus/plexus-io/2.3.2/plexus-io-2.3.2.jar
7f4c5ed17000-7f4c5ed1b000 r--s 0001f000 08:01 5903308                    /home/oguz/.m2/repository/org/codehaus/plexus/plexus-archiver/2.8.1/plexus-archiver-2.8.1.jar
7f4c5ed1b000-7f4c5ed1d000 r--s 00009000 08:01 5642991                    /home/oguz/.m2/repository/org/hamcrest/hamcrest-core/1.3/hamcrest-core-1.3.jar
7f4c5ed1d000-7f4c5ed25000 r--s 00045000 08:01 6690516                    /home/oguz/.m2/repository/junit/junit/4.12/junit-4.12.jar
7f4c5ed25000-7f4c5ed2e000 r--s 0006f000 08:01 8017129                    /home/oguz/.m2/repository/log4j/log4j/1.2.17/log4j-1.2.17.jar
7f4c5ed2e000-7f4c5ed30000 r--s 00006000 08:01 5637961                    /home/oguz/.m2/repository/org/apache/maven/shared/maven-common-artifact-filters/1.4/maven-common-artifact-filters-1.4.jar
7f4c5ed30000-7f4c5ed32000 r--s 00002000 08:01 5636968                    /home/oguz/.m2/repository/org/sonatype/plexus/plexus-cipher/1.4/plexus-cipher-1.4.jar
7f4c5ed32000-7f4c5ed33000 r--s 00006000 08:01 5636967                    /home/oguz/.m2/repository/org/sonatype/plexus/plexus-sec-dispatcher/1.3/plexus-sec-dispatcher-1.3.jar
7f4c5ed33000-7f4c5ed39000 r--s 00042000 08:01 8017289                    /home/oguz/.m2/repository/org/eclipse/sisu/org.eclipse.sisu.inject/0.0.0.M5/org.eclipse.sisu.inject-0.0.0.M5.jar
7f4c5ed39000-7f4c5ed3b000 r--s 00000000 08:01 7081536                    /home/oguz/.m2/repository/aopalliance/aopalliance/1.0/aopalliance-1.0.jar
7f4c5ed3b000-7f4c5ed43000 r--s 00050000 08:01 9316167                    /home/oguz/.m2/repository/org/sonatype/sisu/sisu-guice/3.1.0/sisu-guice-3.1.0-no_aop.jar
7f4c5ed43000-7f4c5ed44000 r--s 00000000 08:01 6560721                    /home/oguz/.m2/repository/javax/inject/javax.inject/1/javax.inject-1.jar
7f4c5ed44000-7f4c5ed45000 r--s 00001000 08:01 8017286                    /home/oguz/.m2/repository/javax/annotation/jsr250-api/1.0/jsr250-api-1.0.jar
7f4c5ed45000-7f4c5ed48000 r--s 00008000 08:01 8017283                    /home/oguz/.m2/repository/javax/enterprise/cdi-api/1.0/cdi-api-1.0.jar
7f4c5ed48000-7f4c5ed4e000 r--s 0002a000 08:01 7877736                    /home/oguz/.m2/repository/org/eclipse/sisu/org.eclipse.sisu.plexus/0.0.0.M5/org.eclipse.sisu.plexus-0.0.0.M5.jar
7f4c5ed4e000-7f4c5ed52000 r--s 00020000 08:01 8017281                    /home/oguz/.m2/repository/org/eclipse/aether/aether-util/1.0.2.v20150114/aether-util-1.0.2.v20150114.jar
7f4c5ed52000-7f4c5ed57000 r--s 0001d000 08:01 8017280                    /home/oguz/.m2/repository/org/eclipse/aether/aether-api/1.0.2.v20150114/aether-api-1.0.2.v20150114.jar
7f4c5ed57000-7f4c5ed5b000 r--s 00027000 08:01 8017279                    /home/oguz/.m2/repository/org/eclipse/aether/aether-impl/1.0.2.v20150114/aether-impl-1.0.2.v20150114.jar
7f4c5ed5b000-7f4c5ed5d000 r--s 00006000 08:01 8017278                    /home/oguz/.m2/repository/org/eclipse/aether/aether-spi/1.0.2.v20150114/aether-spi-1.0.2.v20150114.jar
7f4c5ed5d000-7f4c5ed60000 r--s 0000d000 08:01 5899175                    /home/oguz/.m2/repository/org/codehaus/plexus/plexus-interpolation/1.21/plexus-interpolation-1.21.jar
7f4c5ed60000-7f4c5ed64000 r--s 00026000 08:01 5642139                    /home/oguz/.m2/repository/org/apache/maven/shared/maven-shared-utils/0.7/maven-shared-utils-0.7.jar
7f4c5ed64000-7f4c5ed65000 r--s 00005000 08:01 5772807                    /home/oguz/.m2/repository/org/apache/maven/maven-archiver/2.6/maven-archiver-2.6.jar
7f4c5ed65000-7f4c5ed67000 r--s 0000e000 08:01 7081538                    /home/oguz/.m2/repository/commons-logging/commons-logging/1.2/commons-logging-1.2.jar
7f4c5ed67000-7f4c5ed7e000 r--s 000f9000 08:01 6953631                    /home/oguz/.m2/repository/org/springframework/spring-core/4.3.2.RELEASE/spring-core-4.3.2.RELEASE.jar
7f4c5ed7e000-7f4c5ed81000 r--s 00020000 08:01 9049702                    /home/oguz/.m2/repository/org/springframework/boot/spring-boot-loader-tools/1.4.0.BUILD-SNAPSHOT/spring-boot-loader-tools-1.4.0.BUILD-SNAPSHOT.jar
7f4c5ed81000-7f4c5ed84000 r--s 0001b000 08:01 5638138                    /home/oguz/.m2/repository/junit/junit/3.8.2/junit-3.8.2.jar
7f4c5ed84000-7f4c5ed92000 r--s 0008f000 08:01 5638136                    /home/oguz/.m2/repository/com/google/collections/google-collections/1.0/google-collections-1.0.jar
7f4c5ed92000-7f4c5ed99000 r--s 00051000 08:01 5638133                    /home/oguz/.m2/repository/log4j/log4j/1.2.12/log4j-1.2.12.jar
7f4c5ed99000-7f4c5ef99000 rw-p 00000000 00:00 0 
7f4c5ef99000-7f4c5efaa000 r-xp 00000000 08:01 10092964                   /usr/lib/jvm/java-8-oracle/jre/lib/amd64/libnio.so
7f4c5efaa000-7f4c5f1a9000 ---p 00011000 08:01 10092964                   /usr/lib/jvm/java-8-oracle/jre/lib/amd64/libnio.so
7f4c5f1a9000-7f4c5f1aa000 rw-p 00010000 08:01 10092964                   /usr/lib/jvm/java-8-oracle/jre/lib/amd64/libnio.so
7f4c5f1aa000-7f4c5f4ab000 rw-p 00000000 00:00 0 
7f4c5f4ab000-7f4c5f4c1000 r-xp 00000000 08:01 10092960                   /usr/lib/jvm/java-8-oracle/jre/lib/amd64/libnet.so
7f4c5f4c1000-7f4c5f6c1000 ---p 00016000 08:01 10092960                   /usr/lib/jvm/java-8-oracle/jre/lib/amd64/libnet.so
7f4c5f6c1000-7f4c5f6c2000 rw-p 00016000 08:01 10092960                   /usr/lib/jvm/java-8-oracle/jre/lib/amd64/libnet.so
7f4c5f6c2000-7f4c5f6c5000 ---p 00000000 00:00 0 
7f4c5f6c5000-7f4c5f8fb000 rw-p 00000000 00:00 0 
7f4c5f8fb000-7f4c5fafb000 rw-p 00000000 00:00 0 
7f4c5fafb000-7f4c5fafc000 ---p 00000000 00:00 0 
7f4c5fafc000-7f4c5fbfc000 rw-p 00000000 00:00 0 
7f4c5fbfc000-7f4c5fbff000 ---p 00000000 00:00 0 
7f4c5fbff000-7f4c5fcfd000 rw-p 00000000 00:00 0 
7f4c5fcfd000-7f4c5fd00000 ---p 00000000 00:00 0 
7f4c5fd00000-7f4c5fdfe000 rw-p 00000000 00:00 0 
7f4c5fdfe000-7f4c5fe01000 ---p 00000000 00:00 0 
7f4c5fe01000-7f4c5feff000 rw-p 00000000 00:00 0 
7f4c5feff000-7f4c5ff02000 ---p 00000000 00:00 0 
7f4c5ff02000-7f4c60000000 rw-p 00000000 00:00 0 
7f4c60000000-7f4c60021000 rw-p 00000000 00:00 0 
7f4c60021000-7f4c64000000 ---p 00000000 00:00 0 
7f4c64000000-7f4c666fb000 rw-p 00000000 00:00 0 
7f4c666fb000-7f4c68000000 ---p 00000000 00:00 0 
7f4c68000000-7f4c68c55000 rw-p 00000000 00:00 0 
7f4c68c55000-7f4c6c000000 ---p 00000000 00:00 0 
7f4c6c000000-7f4c6c0d0000 rw-p 00000000 00:00 0 
7f4c6c0d0000-7f4c70000000 ---p 00000000 00:00 0 
7f4c70000000-7f4c70021000 rw-p 00000000 00:00 0 
7f4c70021000-7f4c74000000 ---p 00000000 00:00 0 
7f4c74000000-7f4c74021000 rw-p 00000000 00:00 0 
7f4c74021000-7f4c78000000 ---p 00000000 00:00 0 
7f4c78000000-7f4c7833d000 rw-p 00000000 00:00 0 
7f4c7833d000-7f4c7c000000 ---p 00000000 00:00 0 
7f4c7c000000-7f4c7c021000 rw-p 00000000 00:00 0 
7f4c7c021000-7f4c80000000 ---p 00000000 00:00 0 
7f4c80000000-7f4c80021000 rw-p 00000000 00:00 0 
7f4c80021000-7f4c84000000 ---p 00000000 00:00 0 
7f4c84000000-7f4c84021000 rw-p 00000000 00:00 0 
7f4c84021000-7f4c88000000 ---p 00000000 00:00 0 
7f4c88000000-7f4c88021000 rw-p 00000000 00:00 0 
7f4c88021000-7f4c8c000000 ---p 00000000 00:00 0 
7f4c8c000000-7f4c8c002000 r--s 0000e000 08:01 8918186                    /home/oguz/.m2/repository/org/springframework/boot/spring-boot-maven-plugin/1.4.0.BUILD-SNAPSHOT/spring-boot-maven-plugin-1.4.0.BUILD-SNAPSHOT.jar
7f4c8c002000-7f4c8c003000 r--s 0000a000 08:01 5638134                    /home/oguz/.m2/repository/commons-logging/commons-logging-api/1.1/commons-logging-api-1.1.jar
7f4c8c003000-7f4c8c007000 r--s 0001d000 08:01 5638131                    /home/oguz/.m2/repository/org/apache/xbean/xbean-reflect/3.4/xbean-reflect-3.4.jar
7f4c8c007000-7f4c8c008000 r--s 00004000 08:01 5638128                    /home/oguz/.m2/repository/org/codehaus/plexus/plexus-compiler-javac/2.2/plexus-compiler-javac-2.2.jar
7f4c8c008000-7f4c8c00a000 r--s 00000000 08:01 5638127                    /home/oguz/.m2/repository/org/codehaus/plexus/plexus-compiler-manager/2.2/plexus-compiler-manager-2.2.jar
7f4c8c00a000-7f4c8c00c000 r--s 00005000 08:01 5638123                    /home/oguz/.m2/repository/org/codehaus/plexus/plexus-compiler-api/2.2/plexus-compiler-api-2.2.jar
7f4c8c00c000-7f4c8c00e000 r--s 00000000 08:01 5636927                    /home/oguz/.m2/repository/org/codehaus/plexus/plexus-component-annotations/1.5.5/plexus-component-annotations-1.5.5.jar
7f4c8c00e000-7f4c8c010000 r--s 00002000 08:01 5638124                    /home/oguz/.m2/repository/org/apache/maven/shared/maven-shared-incremental/1.1/maven-shared-incremental-1.1.jar
7f4c8c010000-7f4c8c012000 r--s 00006000 08:01 5638122                    /home/oguz/.m2/repository/com/google/code/findbugs/jsr305/2.0.1/jsr305-2.0.1.jar
7f4c8c012000-7f4c8c015000 r--s 00023000 08:01 5638121                    /home/oguz/.m2/repository/org/apache/maven/shared/maven-shared-utils/0.1/maven-shared-utils-0.1.jar
7f4c8c015000-7f4c8c019000 r--s 00030000 08:01 5638120                    /home/oguz/.m2/repository/org/codehaus/plexus/plexus-utils/1.5.1/plexus-utils-1.5.1.jar
7f4c8c019000-7f4c8c01b000 r--s 00009000 08:01 5637135                    /home/oguz/.m2/repository/org/apache/maven/plugins/maven-compiler-plugin/3.1/maven-compiler-plugin-3.1.jar
7f4c8c01b000-7f4c8c01d000 r--s 0000d000 08:01 5638056                    /home/oguz/.m2/repository/org/codehaus/plexus/plexus-interpolation/1.13/plexus-interpolation-1.13.jar
7f4c8c01d000-7f4c8c01e000 r--s 00001000 08:01 5638057                    /home/oguz/.m2/repository/org/sonatype/plexus/plexus-build-api/0.0.4/plexus-build-api-0.0.4.jar
7f4c8c01e000-7f4c8c020000 r--s 00009000 08:01 8261455                    /home/oguz/.m2/repository/org/apache/maven/shared/maven-filtering/1.1/maven-filtering-1.1.jar
7f4c8c020000-7f4c8c024000 r--s 00033000 08:01 5638052                    /home/oguz/.m2/repository/org/codehaus/plexus/plexus-utils/2.0.5/plexus-utils-2.0.5.jar
7f4c8c024000-7f4c8c027000 r--s 0001b000 08:01 5637949                    /home/oguz/.m2/repository/junit/junit/3.8.1/junit-3.8.1.jar
7f4c8c027000-7f4c8c029000 r--s 00002000 08:01 5637907                    /home/oguz/.m2/repository/org/codehaus/plexus/plexus-interactivity-api/1.0-alpha-4/plexus-interactivity-api-1.0-alpha-4.jar
7f4c8c029000-7f4c8c02b000 r--s 00006000 08:01 5637906                    /home/oguz/.m2/repository/commons-cli/commons-cli/1.0/commons-cli-1.0.jar
7f4c8c02b000-7f4c8c02c000 r--s 00001000 08:01 5638051                    /home/oguz/.m2/repository/org/apache/maven/doxia/doxia-sink-api/1.0-alpha-7/doxia-sink-api-1.0-alpha-7.jar
7f4c8c02c000-7f4c8c02e000 r--s 00006000 08:01 8261366                    /home/oguz/.m2/repository/org/apache/maven/plugins/maven-resources-plugin/2.6/maven-resources-plugin-2.6.jar
7f4c8c02e000-7f4c8c031000 ---p 00000000 00:00 0 
7f4c8c031000-7f4c8c12f000 rw-p 00000000 00:00 0 
7f4c8c12f000-7f4c8c132000 ---p 00000000 00:00 0 
7f4c8c132000-7f4c90000000 rw-p 00000000 00:00 0 
7f4c90000000-7f4c90021000 rw-p 00000000 00:00 0 
7f4c90021000-7f4c94000000 ---p 00000000 00:00 0 
7f4c94000000-7f4c94021000 rw-p 00000000 00:00 0 
7f4c94021000-7f4c98000000 ---p 00000000 00:00 0 
7f4c98000000-7f4c98021000 rw-p 00000000 00:00 0 
7f4c98021000-7f4c9c000000 ---p 00000000 00:00 0 
7f4c9c000000-7f4c9c021000 rw-p 00000000 00:00 0 
7f4c9c021000-7f4ca0000000 ---p 00000000 00:00 0 
7f4ca0000000-7f4ca0021000 rw-p 00000000 00:00 0 
7f4ca0021000-7f4ca4000000 ---p 00000000 00:00 0 
7f4ca4000000-7f4ca4004000 r--s 00097000 08:01 9967495                    /usr/lib/jvm/java-8-oracle/jre/lib/jsse.jar
7f4ca4004000-7f4ca4006000 r--s 0000b000 08:01 8142670                    /home/oguz/Masast/Derleyiciler/idea-IU-145.971.21/plugins/maven/lib/maven3/lib/maven-artifact-3.0.5.jar
7f4ca4006000-7f4ca4008000 r--s 00000000 08:01 8142681                    /home/oguz/Masast/Derleyiciler/idea-IU-145.971.21/plugins/maven/lib/maven3/lib/plexus-component-annotations-1.5.5.jar
7f4ca4008000-7f4ca400c000 r--s 00027000 08:01 8142665                    /home/oguz/Masast/Derleyiciler/idea-IU-145.971.21/plugins/maven/lib/maven3/lib/commons-io-2.2.jar
7f4ca400c000-7f4ca400e000 r--s 00002000 08:01 8142680                    /home/oguz/Masast/Derleyiciler/idea-IU-145.971.21/plugins/maven/lib/maven3/lib/plexus-cipher-1.7.jar
7f4ca400e000-7f4ca4018000 r--s 00116000 08:01 9967526                    /usr/lib/jvm/java-8-oracle/jre/lib/ext/localedata.jar
7f4ca4018000-7f4ca401a000 r--s 00009000 08:01 8142664                    /home/oguz/Masast/Derleyiciler/idea-IU-145.971.21/plugins/maven/lib/maven3/lib/commons-cli-1.2.jar
7f4ca401a000-7f4ca4020000 r--s 0003f000 08:01 8142671                    /home/oguz/Masast/Derleyiciler/idea-IU-145.971.21/plugins/maven/lib/maven3/lib/maven-compat-3.0.5.jar
7f4ca4020000-7f4ca4022000 r--s 0000b000 08:01 8142676                    /home/oguz/Masast/Derleyiciler/idea-IU-145.971.21/plugins/maven/lib/maven3/lib/maven-plugin-api-3.0.5.jar
7f4ca4022000-7f4ca4024000 r--s 0000a000 08:01 8142678                    /home/oguz/Masast/Derleyiciler/idea-IU-145.971.21/plugins/maven/lib/maven3/lib/maven-settings-3.0.5.jar
7f4ca4024000-7f4ca4030000 r--s 0007d000 08:01 8142672                    /home/oguz/Masast/Derleyiciler/idea-IU-145.971.21/plugins/maven/lib/maven3/lib/maven-core-3.0.5.jar
7f4ca4030000-7f4ca4033000 r--s 00013000 08:01 8142659                    /home/oguz/Masast/Derleyiciler/idea-IU-145.971.21/plugins/maven/lib/maven3/lib/aether-api-1.13.1.jar
7f4ca4033000-7f4ca4035000 r--s 0000c000 08:01 8142669                    /home/oguz/Masast/Derleyiciler/idea-IU-145.971.21/plugins/maven/lib/maven3/lib/maven-aether-provider-3.0.5.jar
7f4ca4035000-7f4ca403d000 r--s 00050000 08:01 8142686                    /home/oguz/Masast/Derleyiciler/idea-IU-145.971.21/plugins/maven/lib/maven3/lib/sisu-guice-3.1.0-no_aop.jar
7f4ca403d000-7f4ca403f000 r--s 00006000 08:01 8142660                    /home/oguz/Masast/Derleyiciler/idea-IU-145.971.21/plugins/maven/lib/maven3/lib/aether-connector-wagon-1.13.1.jar
7f4ca403f000-7f4ca4046000 r--s 00040000 08:01 8142687                    /home/oguz/Masast/Derleyiciler/idea-IU-145.971.21/plugins/maven/lib/maven3/lib/sisu-inject-bean-2.3.0.jar
7f4ca4046000-7f4ca404a000 r--s 00033000 08:01 8142684                    /home/oguz/Masast/Derleyiciler/idea-IU-145.971.21/plugins/maven/lib/maven3/lib/plexus-utils-2.0.6.jar
7f4ca404a000-7f4ca404c000 r--s 00006000 08:01 8142677                    /home/oguz/Masast/Derleyiciler/idea-IU-145.971.21/plugins/maven/lib/maven3/lib/maven-repository-metadata-3.0.5.jar
7f4ca404c000-7f4ca404e000 r--s 0000d000 08:01 8142682                    /home/oguz/Masast/Derleyiciler/idea-IU-145.971.21/plugins/maven/lib/maven3/lib/plexus-interpolation-1.14.jar
7f4ca404e000-7f4ca4052000 r--s 00021000 08:01 8142675                    /home/oguz/Masast/Derleyiciler/idea-IU-145.971.21/plugins/maven/lib/maven3/lib/maven-model-builder-3.0.5.jar
7f4ca4052000-7f4ca4080000 r--s 001fa000 08:01 8142690                    /home/oguz/Masast/Derleyiciler/idea-IU-145.971.21/plugins/maven/lib/maven3/lib/wagon-http-2.8-shaded.jar
7f4ca4080000-7f4ca409f000 r--s 00152000 08:01 8142685                    /home/oguz/Masast/Derleyiciler/idea-IU-145.971.21/plugins/maven/lib/maven3/lib/sisu-guava-0.9.9.jar
7f4ca409f000-7f4ca40a2000 ---p 00000000 00:00 0 
7f4ca40a2000-7f4ca41a0000 rw-p 00000000 00:00 0 
7f4ca41a0000-7f4ca41a3000 ---p 00000000 00:00 0 
7f4ca41a3000-7f4ca42a1000 rw-p 00000000 00:00 0 
7f4ca42a1000-7f4ca42a5000 r-xp 00000000 08:01 10092924                   /usr/lib/jvm/java-8-oracle/jre/lib/amd64/libdt_socket.so
7f4ca42a5000-7f4ca44a4000 ---p 00004000 08:01 10092924                   /usr/lib/jvm/java-8-oracle/jre/lib/amd64/libdt_socket.so
7f4ca44a4000-7f4ca44a5000 rw-p 00003000 08:01 10092924                   /usr/lib/jvm/java-8-oracle/jre/lib/amd64/libdt_socket.so
7f4ca44a5000-7f4ca44a8000 ---p 00000000 00:00 0 
7f4ca44a8000-7f4ca45a6000 rw-p 00000000 00:00 0 
7f4ca45a6000-7f4ca45a9000 ---p 00000000 00:00 0 
7f4ca45a9000-7f4ca46a7000 rw-p 00000000 00:00 0 
7f4ca46a7000-7f4ca46aa000 ---p 00000000 00:00 0 
7f4ca46aa000-7f4ca47a8000 rw-p 00000000 00:00 0 
7f4ca47a8000-7f4ca47a9000 ---p 00000000 00:00 0 
7f4ca47a9000-7f4ca651b000 rw-p 00000000 00:00 0 
7f4ca651b000-7f4ca66f4000 r--s 03d1f000 08:01 9967487                    /usr/lib/jvm/java-8-oracle/jre/lib/rt.jar
7f4ca66f4000-7f4ca7347000 rw-p 00000000 00:00 0 
7f4ca7347000-7f4ca7348000 ---p 00000000 00:00 0 
7f4ca7348000-7f4ca7448000 rw-p 00000000 00:00 0 
7f4ca7448000-7f4ca7449000 ---p 00000000 00:00 0 
7f4ca7449000-7f4ca7549000 rw-p 00000000 00:00 0 
7f4ca7549000-7f4ca754a000 ---p 00000000 00:00 0 
7f4ca754a000-7f4ca764a000 rw-p 00000000 00:00 0 
7f4ca764a000-7f4ca764b000 ---p 00000000 00:00 0 
7f4ca764b000-7f4ca774b000 rw-p 00000000 00:00 0 
7f4ca774b000-7f4ca774c000 ---p 00000000 00:00 0 
7f4ca774c000-7f4ca784c000 rw-p 00000000 00:00 0 
7f4ca784c000-7f4ca784d000 ---p 00000000 00:00 0 
7f4ca784d000-7f4ca794d000 rw-p 00000000 00:00 0 
7f4ca794d000-7f4ca794e000 ---p 00000000 00:00 0 
7f4ca794e000-7f4ca7a4e000 rw-p 00000000 00:00 0 
7f4ca7a4e000-7f4ca7a4f000 ---p 00000000 00:00 0 
7f4ca7a4f000-7f4ca7b8d000 rw-p 00000000 00:00 0 
7f4ca7b8d000-7f4ca7de3000 ---p 00000000 00:00 0 
7f4ca7de3000-7f4ca7e21000 rw-p 00000000 00:00 0 
7f4ca7e21000-7f4ca8076000 ---p 00000000 00:00 0 
7f4ca8076000-7f4ca8147000 rw-p 00000000 00:00 0 
7f4ca8147000-7f4ca81c0000 ---p 00000000 00:00 0 
7f4ca81c0000-7f4ca820a000 rw-p 00000000 00:00 0 
7f4ca820a000-7f4ca8581000 ---p 00000000 00:00 0 
7f4ca8581000-7f4ca97b1000 rwxp 00000000 00:00 0 
7f4ca97b1000-7f4cb7581000 ---p 00000000 00:00 0 
7f4cb7581000-7f4cb759b000 r-xp 00000000 08:01 10092954                   /usr/lib/jvm/java-8-oracle/jre/lib/amd64/libzip.so
7f4cb759b000-7f4cb779b000 ---p 0001a000 08:01 10092954                   /usr/lib/jvm/java-8-oracle/jre/lib/amd64/libzip.so
7f4cb779b000-7f4cb779c000 rw-p 0001a000 08:01 10092954                   /usr/lib/jvm/java-8-oracle/jre/lib/amd64/libzip.so
7f4cb779c000-7f4cb77a7000 r-xp 00000000 08:01 7603299                    /lib/x86_64-linux-gnu/libnss_files-2.23.so
7f4cb77a7000-7f4cb79a6000 ---p 0000b000 08:01 7603299                    /lib/x86_64-linux-gnu/libnss_files-2.23.so
7f4cb79a6000-7f4cb79a7000 r--p 0000a000 08:01 7603299                    /lib/x86_64-linux-gnu/libnss_files-2.23.so
7f4cb79a7000-7f4cb79a8000 rw-p 0000b000 08:01 7603299                    /lib/x86_64-linux-gnu/libnss_files-2.23.so
7f4cb79a8000-7f4cb79ae000 rw-p 00000000 00:00 0 
7f4cb79ae000-7f4cb79c4000 r-xp 00000000 08:01 7603294                    /lib/x86_64-linux-gnu/libnsl-2.23.so
7f4cb79c4000-7f4cb7bc4000 ---p 00016000 08:01 7603294                    /lib/x86_64-linux-gnu/libnsl-2.23.so
7f4cb7bc4000-7f4cb7bc5000 r--p 00016000 08:01 7603294                    /lib/x86_64-linux-gnu/libnsl-2.23.so
7f4cb7bc5000-7f4cb7bc6000 rw-p 00017000 08:01 7603294                    /lib/x86_64-linux-gnu/libnsl-2.23.so
7f4cb7bc6000-7f4cb7bc8000 rw-p 00000000 00:00 0 
7f4cb7bc8000-7f4cb8000000 r--p 00000000 08:01 9700768                    /usr/lib/locale/locale-archive
7f4cb8000000-7f4cb9045000 rw-p 00000000 00:00 0 
7f4cb9045000-7f4cbc000000 ---p 00000000 00:00 0 
7f4cbc000000-7f4cbc001000 r--s 00002000 08:01 5638049                    /home/oguz/.m2/repository/org/apache/maven/reporting/maven-reporting-api/2.0.6/maven-reporting-api-2.0.6.jar
7f4cbc001000-7f4cbc00c000 r-xp 00000000 08:01 7603296                    /lib/x86_64-linux-gnu/libnss_nis-2.23.so
7f4cbc00c000-7f4cbc20b000 ---p 0000b000 08:01 7603296                    /lib/x86_64-linux-gnu/libnss_nis-2.23.so
7f4cbc20b000-7f4cbc20c000 r--p 0000a000 08:01 7603296                    /lib/x86_64-linux-gnu/libnss_nis-2.23.so
7f4cbc20c000-7f4cbc20d000 rw-p 0000b000 08:01 7603296                    /lib/x86_64-linux-gnu/libnss_nis-2.23.so
7f4cbc20d000-7f4cbc215000 r-xp 00000000 08:01 7603292                    /lib/x86_64-linux-gnu/libnss_compat-2.23.so
7f4cbc215000-7f4cbc414000 ---p 00008000 08:01 7603292                    /lib/x86_64-linux-gnu/libnss_compat-2.23.so
7f4cbc414000-7f4cbc415000 r--p 00007000 08:01 7603292                    /lib/x86_64-linux-gnu/libnss_compat-2.23.so
7f4cbc415000-7f4cbc416000 rw-p 00008000 08:01 7603292                    /lib/x86_64-linux-gnu/libnss_compat-2.23.so
7f4cbc416000-7f4cbc418000 r-xp 00000000 08:01 10092925                   /usr/lib/jvm/java-8-oracle/jre/lib/amd64/libnpt.so
7f4cbc418000-7f4cbc618000 ---p 00002000 08:01 10092925                   /usr/lib/jvm/java-8-oracle/jre/lib/amd64/libnpt.so
7f4cbc618000-7f4cbc619000 rw-p 00002000 08:01 10092925                   /usr/lib/jvm/java-8-oracle/jre/lib/amd64/libnpt.so
7f4cbc619000-7f4cbc652000 r-xp 00000000 08:01 10092943                   /usr/lib/jvm/java-8-oracle/jre/lib/amd64/libjdwp.so
7f4cbc652000-7f4cbc851000 ---p 00039000 08:01 10092943                   /usr/lib/jvm/java-8-oracle/jre/lib/amd64/libjdwp.so
7f4cbc851000-7f4cbc853000 rw-p 00038000 08:01 10092943                   /usr/lib/jvm/java-8-oracle/jre/lib/amd64/libjdwp.so
7f4cbc853000-7f4cbc87d000 r-xp 00000000 08:01 10092949                   /usr/lib/jvm/java-8-oracle/jre/lib/amd64/libjava.so
7f4cbc87d000-7f4cbca7d000 ---p 0002a000 08:01 10092949                   /usr/lib/jvm/java-8-oracle/jre/lib/amd64/libjava.so
7f4cbca7d000-7f4cbca7f000 rw-p 0002a000 08:01 10092949                   /usr/lib/jvm/java-8-oracle/jre/lib/amd64/libjava.so
7f4cbca7f000-7f4cbca8c000 r-xp 00000000 08:01 10092953                   /usr/lib/jvm/java-8-oracle/jre/lib/amd64/libverify.so
7f4cbca8c000-7f4cbcc8c000 ---p 0000d000 08:01 10092953                   /usr/lib/jvm/java-8-oracle/jre/lib/amd64/libverify.so
7f4cbcc8c000-7f4cbcc8e000 rw-p 0000d000 08:01 10092953                   /usr/lib/jvm/java-8-oracle/jre/lib/amd64/libverify.so
7f4cbcc8e000-7f4cbcc95000 r-xp 00000000 08:01 7603308                    /lib/x86_64-linux-gnu/librt-2.23.so
7f4cbcc95000-7f4cbce94000 ---p 00007000 08:01 7603308                    /lib/x86_64-linux-gnu/librt-2.23.so
7f4cbce94000-7f4cbce95000 r--p 00006000 08:01 7603308                    /lib/x86_64-linux-gnu/librt-2.23.so
7f4cbce95000-7f4cbce96000 rw-p 00007000 08:01 7603308                    /lib/x86_64-linux-gnu/librt-2.23.so
7f4cbce96000-7f4cbcf9e000 r-xp 00000000 08:01 7603305                    /lib/x86_64-linux-gnu/libm-2.23.so
7f4cbcf9e000-7f4cbd19d000 ---p 00108000 08:01 7603305                    /lib/x86_64-linux-gnu/libm-2.23.so
7f4cbd19d000-7f4cbd19e000 r--p 00107000 08:01 7603305                    /lib/x86_64-linux-gnu/libm-2.23.so
7f4cbd19e000-7f4cbd19f000 rw-p 00108000 08:01 7603305                    /lib/x86_64-linux-gnu/libm-2.23.so
7f4cbd19f000-7f4cbde5f000 r-xp 00000000 08:01 10092932                   /usr/lib/jvm/java-8-oracle/jre/lib/amd64/server/libjvm.so
7f4cbde5f000-7f4cbe05f000 ---p 00cc0000 08:01 10092932                   /usr/lib/jvm/java-8-oracle/jre/lib/amd64/server/libjvm.so
7f4cbe05f000-7f4cbe137000 rw-p 00cc0000 08:01 10092932                   /usr/lib/jvm/java-8-oracle/jre/lib/amd64/server/libjvm.so
7f4cbe137000-7f4cbe182000 rw-p 00000000 00:00 0 
7f4cbe182000-7f4cbe342000 r-xp 00000000 08:01 7603313                    /lib/x86_64-linux-gnu/libc-2.23.so
7f4cbe342000-7f4cbe542000 ---p 001c0000 08:01 7603313                    /lib/x86_64-linux-gnu/libc-2.23.so
7f4cbe542000-7f4cbe546000 r--p 001c0000 08:01 7603313                    /lib/x86_64-linux-gnu/libc-2.23.so
7f4cbe546000-7f4cbe548000 rw-p 001c4000 08:01 7603313                    /lib/x86_64-linux-gnu/libc-2.23.so
7f4cbe548000-7f4cbe54c000 rw-p 00000000 00:00 0 
7f4cbe54c000-7f4cbe54f000 r-xp 00000000 08:01 7603314                    /lib/x86_64-linux-gnu/libdl-2.23.so
7f4cbe54f000-7f4cbe74e000 ---p 00003000 08:01 7603314                    /lib/x86_64-linux-gnu/libdl-2.23.so
7f4cbe74e000-7f4cbe74f000 r--p 00002000 08:01 7603314                    /lib/x86_64-linux-gnu/libdl-2.23.so
7f4cbe74f000-7f4cbe750000 rw-p 00003000 08:01 7603314                    /lib/x86_64-linux-gnu/libdl-2.23.so
7f4cbe750000-7f4cbe765000 r-xp 00000000 08:01 9840182                    /usr/lib/jvm/java-8-oracle/lib/amd64/jli/libjli.so
7f4cbe765000-7f4cbe965000 ---p 00015000 08:01 9840182                    /usr/lib/jvm/java-8-oracle/lib/amd64/jli/libjli.so
7f4cbe965000-7f4cbe966000 rw-p 00015000 08:01 9840182                    /usr/lib/jvm/java-8-oracle/lib/amd64/jli/libjli.so
7f4cbe966000-7f4cbe97e000 r-xp 00000000 08:01 7603312                    /lib/x86_64-linux-gnu/libpthread-2.23.so
7f4cbe97e000-7f4cbeb7d000 ---p 00018000 08:01 7603312                    /lib/x86_64-linux-gnu/libpthread-2.23.so
7f4cbeb7d000-7f4cbeb7e000 r--p 00017000 08:01 7603312                    /lib/x86_64-linux-gnu/libpthread-2.23.so
7f4cbeb7e000-7f4cbeb7f000 rw-p 00018000 08:01 7603312                    /lib/x86_64-linux-gnu/libpthread-2.23.so
7f4cbeb7f000-7f4cbeb83000 rw-p 00000000 00:00 0 
7f4cbeb83000-7f4cbeba9000 r-xp 00000000 08:01 7603309                    /lib/x86_64-linux-gnu/ld-2.23.so
7f4cbeba9000-7f4cbebaa000 r--p 00000000 00:00 0 
7f4cbebaa000-7f4cbebad000 r--s 00008000 08:01 8142679                    /home/oguz/Masast/Derleyiciler/idea-IU-145.971.21/plugins/maven/lib/maven3/lib/maven-settings-builder-3.0.5.jar
7f4cbebad000-7f4cbebae000 r--s 00006000 08:01 8142683                    /home/oguz/Masast/Derleyiciler/idea-IU-145.971.21/plugins/maven/lib/maven3/lib/plexus-sec-dispatcher-1.3.jar
7f4cbebae000-7f4cbebb0000 r--s 0000b000 08:01 8142692                    /home/oguz/Masast/Derleyiciler/idea-IU-145.971.21/plugins/maven/lib/maven3/lib/wagon-provider-api-2.8.jar
7f4cbebb0000-7f4cbebb1000 r--s 00002000 08:01 8142689                    /home/oguz/Masast/Derleyiciler/idea-IU-145.971.21/plugins/maven/lib/maven3/lib/wagon-file-2.8.jar
7f4cbebb1000-7f4cbebb3000 r--s 00026000 08:01 8142674                    /home/oguz/Masast/Derleyiciler/idea-IU-145.971.21/plugins/maven/lib/maven3/lib/maven-model-3.0.5.jar
7f4cbebb3000-7f4cbebb6000 r--s 0001d000 08:01 8142661                    /home/oguz/Masast/Derleyiciler/idea-IU-145.971.21/plugins/maven/lib/maven3/lib/aether-impl-1.13.1.jar
7f4cbebb6000-7f4cbec81000 rw-p 00000000 00:00 0 
7f4cbec81000-7f4cbec84000 ---p 00000000 00:00 0 
7f4cbec84000-7f4cbed86000 rw-p 00000000 00:00 0 
7f4cbed86000-7f4cbed8b000 r--s 00041000 08:01 8142666                    /home/oguz/Masast/Derleyiciler/idea-IU-145.971.21/plugins/maven/lib/maven3/lib/commons-lang-2.6.jar
7f4cbed8b000-7f4cbed8f000 r--s 0001c000 08:01 8142663                    /home/oguz/Masast/Derleyiciler/idea-IU-145.971.21/plugins/maven/lib/maven3/lib/aether-util-1.13.1.jar
7f4cbed8f000-7f4cbed95000 r--s 0002c000 08:01 8142688                    /home/oguz/Masast/Derleyiciler/idea-IU-145.971.21/plugins/maven/lib/maven3/lib/sisu-inject-plexus-2.3.0.jar
7f4cbed95000-7f4cbed96000 r--s 0000a000 08:01 8142673                    /home/oguz/Masast/Derleyiciler/idea-IU-145.971.21/plugins/maven/lib/maven3/lib/maven-embedder-3.0.5.jar
7f4cbed96000-7f4cbed97000 r--s 00003000 08:01 8142662                    /home/oguz/Masast/Derleyiciler/idea-IU-145.971.21/plugins/maven/lib/maven3/lib/aether-spi-1.13.1.jar
7f4cbed97000-7f4cbed98000 r--s 00002000 08:01 8142691                    /home/oguz/Masast/Derleyiciler/idea-IU-145.971.21/plugins/maven/lib/maven3/lib/wagon-http-shared-2.8.jar
7f4cbed98000-7f4cbed9a000 r--s 0001e000 08:01 4854925                    /home/oguz/Masast/Derleyiciler/idea-IU-145.971.21/lib/idea_rt.jar
7f4cbed9a000-7f4cbed9c000 r--s 0000a000 08:01 8142655                    /home/oguz/Masast/Derleyiciler/idea-IU-145.971.21/plugins/maven/lib/maven3/boot/plexus-classworlds-2.4.jar
7f4cbed9c000-7f4cbeda4000 rw-s 00000000 08:01 132009                     /tmp/hsperfdata_oguz/12826
7f4cbeda4000-7f4cbeda5000 rw-p 00000000 00:00 0 
7f4cbeda5000-7f4cbeda6000 ---p 00000000 00:00 0 
7f4cbeda6000-7f4cbeda8000 rw-p 00000000 00:00 0 
7f4cbeda8000-7f4cbeda9000 r--p 00025000 08:01 7603309                    /lib/x86_64-linux-gnu/ld-2.23.so
7f4cbeda9000-7f4cbedaa000 rw-p 00026000 08:01 7603309                    /lib/x86_64-linux-gnu/ld-2.23.so
7f4cbedaa000-7f4cbedab000 rw-p 00000000 00:00 0 
7fff7faaf000-7fff7fad0000 rw-p 00000000 00:00 0                          [stack]
7fff7fb6b000-7fff7fb6d000 r--p 00000000 00:00 0                          [vvar]
7fff7fb6d000-7fff7fb6f000 r-xp 00000000 00:00 0                          [vdso]
ffffffffff600000-ffffffffff601000 r-xp 00000000 00:00 0                  [vsyscall]

VM Arguments:
jvm_args: -agentlib:jdwp=transport=dt_socket,address=127.0.0.1:39310,suspend=y,server=n -Dmaven.home=/home/oguz/Masast/Derleyiciler/idea-IU-145.971.21/plugins/maven/lib/maven3 -Dclassworlds.conf=/home/oguz/Masast/Derleyiciler/idea-IU-145.971.21/plugins/maven/lib/maven3/bin/m2.conf -Dfile.encoding=UTF-8 
java_command: org.codehaus.classworlds.Launcher -Didea.version=2016.1.3 spring-boot:run
java_class_path (initial): /home/oguz/Masast/Derleyiciler/idea-IU-145.971.21/plugins/maven/lib/maven3/boot/plexus-classworlds-2.4.jar:/home/oguz/Masast/Derleyiciler/idea-IU-145.971.21/lib/idea_rt.jar
Launcher Type: SUN_STANDARD

Environment Variables:
PATH=/usr/local/sbin:/usr/local/bin:/usr/sbin:/usr/bin:/sbin:/bin:/usr/games:/usr/local/games:/snap/bin
LD_LIBRARY_PATH=/home/oguz/Masast/Derleyiciler/idea-IU-145.971.21/bin:
SHELL=/bin/bash
DISPLAY=:0

Signal Handlers:
SIGSEGV: [libjvm.so+0xabca10], sa_mask[0]=11111111011111111101111111111110, sa_flags=SA_RESTART|SA_SIGINFO
SIGBUS: [libjvm.so+0xabca10], sa_mask[0]=11111111011111111101111111111110, sa_flags=SA_RESTART|SA_SIGINFO
SIGFPE: [libjvm.so+0x919a20], sa_mask[0]=11111111011111111101111111111110, sa_flags=SA_RESTART|SA_SIGINFO
SIGPIPE: [libjvm.so+0x919a20], sa_mask[0]=11111111011111111101111111111110, sa_flags=SA_RESTART|SA_SIGINFO
SIGXFSZ: [libjvm.so+0x919a20], sa_mask[0]=11111111011111111101111111111110, sa_flags=SA_RESTART|SA_SIGINFO
SIGILL: [libjvm.so+0x919a20], sa_mask[0]=11111111011111111101111111111110, sa_flags=SA_RESTART|SA_SIGINFO
SIGUSR1: SIG_DFL, sa_mask[0]=00000000000000000000000000000000, sa_flags=none
SIGUSR2: [libjvm.so+0x91b050], sa_mask[0]=00100000000000000000000000000000, sa_flags=SA_RESTART|SA_SIGINFO
SIGHUP: [libjvm.so+0x91c450], sa_mask[0]=11111111011111111101111111111110, sa_flags=SA_RESTART|SA_SIGINFO
SIGINT: [libjvm.so+0x91c450], sa_mask[0]=11111111011111111101111111111110, sa_flags=SA_RESTART|SA_SIGINFO
SIGTERM: [libjvm.so+0x91c450], sa_mask[0]=11111111011111111101111111111110, sa_flags=SA_RESTART|SA_SIGINFO
SIGQUIT: [libjvm.so+0x91c450], sa_mask[0]=11111111011111111101111111111110, sa_flags=SA_RESTART|SA_SIGINFO


---------------  S Y S T E M  ---------------

OS:DISTRIB_ID=Ubuntu
DISTRIB_RELEASE=16.04
DISTRIB_CODENAME=xenial
DISTRIB_DESCRIPTION="Ubuntu Xenial Xerus (development branch)"

uname:Linux 4.4.0-22-generic #39-Ubuntu SMP Thu May 5 16:53:32 UTC 2016 x86_64
libc:glibc 2.23 NPTL 2.23 
rlimit: STACK 8192k, CORE 0k, NPROC 31498, NOFILE 65536, AS infinity
load average:0,68 1,78 2,11

/proc/meminfo:
MemTotal:        8101800 kB
MemFree:           59056 kB
MemAvailable:     111472 kB
Buffers:            1120 kB
Cached:           568696 kB
SwapCached:            0 kB
Active:          7303708 kB
Inactive:         503184 kB
Active(anon):    7282012 kB
Inactive(anon):   481576 kB
Active(file):      21696 kB
Inactive(file):    21608 kB
Unevictable:          88 kB
Mlocked:              88 kB
SwapTotal:             0 kB
SwapFree:              0 kB
Dirty:                92 kB
Writeback:             0 kB
AnonPages:       7237796 kB
Mapped:           261360 kB
Shmem:            525744 kB
Slab:             106460 kB
SReclaimable:      51484 kB
SUnreclaim:        54976 kB
KernelStack:       17488 kB
PageTables:        63944 kB
NFS_Unstable:          0 kB
Bounce:                0 kB
WritebackTmp:          0 kB
CommitLimit:     4050900 kB
Committed_AS:   13912852 kB
VmallocTotal:   34359738367 kB
VmallocUsed:           0 kB
VmallocChunk:          0 kB
HardwareCorrupted:     0 kB
AnonHugePages:   3530752 kB
CmaTotal:              0 kB
CmaFree:               0 kB
HugePages_Total:       0
HugePages_Free:        0
HugePages_Rsvd:        0
HugePages_Surp:        0
Hugepagesize:       2048 kB
DirectMap4k:      162560 kB
DirectMap2M:     8153088 kB
DirectMap1G:     1048576 kB


CPU:total 8 (4 cores per cpu, 2 threads per core) family 6 model 60 stepping 3, cmov, cx8, fxsr, mmx, sse, sse2, sse3, ssse3, sse4.1, sse4.2, popcnt, avx, avx2, aes, clmul, erms, lzcnt, ht, tsc, tscinvbit, bmi1, bmi2

/proc/cpuinfo:
processor	: 0
vendor_id	: GenuineIntel
cpu family	: 6
model		: 60
model name	: Intel(R) Core(TM) i7-4700MQ CPU @ 2.40GHz
stepping	: 3
microcode	: 0x16
cpu MHz		: 2998.125
cache size	: 6144 KB
physical id	: 0
siblings	: 8
core id		: 0
cpu cores	: 4
apicid		: 0
initial apicid	: 0
fpu		: yes
fpu_exception	: yes
cpuid level	: 13
wp		: yes
flags		: fpu vme de pse tsc msr pae mce cx8 apic sep mtrr pge mca cmov pat pse36 clflush dts acpi mmx fxsr sse sse2 ss ht tm pbe syscall nx pdpe1gb rdtscp lm constant_tsc arch_perfmon pebs bts rep_good nopl xtopology nonstop_tsc aperfmperf eagerfpu pni pclmulqdq dtes64 monitor ds_cpl vmx est tm2 ssse3 sdbg fma cx16 xtpr pdcm pcid sse4_1 sse4_2 movbe popcnt tsc_deadline_timer aes xsave avx f16c rdrand lahf_lm abm epb tpr_shadow vnmi flexpriority ept vpid fsgsbase tsc_adjust bmi1 avx2 smep bmi2 erms invpcid xsaveopt dtherm ida arat pln pts
bugs		:
bogomips	: 4789.28
clflush size	: 64
cache_alignment	: 64
address sizes	: 39 bits physical, 48 bits virtual
power management:

processor	: 1
vendor_id	: GenuineIntel
cpu family	: 6
model		: 60
model name	: Intel(R) Core(TM) i7-4700MQ CPU @ 2.40GHz
stepping	: 3
microcode	: 0x16
cpu MHz		: 3199.968
cache size	: 6144 KB
physical id	: 0
siblings	: 8
core id		: 0
cpu cores	: 4
apicid		: 1
initial apicid	: 1
fpu		: yes
fpu_exception	: yes
cpuid level	: 13
wp		: yes
flags		: fpu vme de pse tsc msr pae mce cx8 apic sep mtrr pge mca cmov pat pse36 clflush dts acpi mmx fxsr sse sse2 ss ht tm pbe syscall nx pdpe1gb rdtscp lm constant_tsc arch_perfmon pebs bts rep_good nopl xtopology nonstop_tsc aperfmperf eagerfpu pni pclmulqdq dtes64 monitor ds_cpl vmx est tm2 ssse3 sdbg fma cx16 xtpr pdcm pcid sse4_1 sse4_2 movbe popcnt tsc_deadline_timer aes xsave avx f16c rdrand lahf_lm abm epb tpr_shadow vnmi flexpriority ept vpid fsgsbase tsc_adjust bmi1 avx2 smep bmi2 erms invpcid xsaveopt dtherm ida arat pln pts
bugs		:
bogomips	: 4789.28
clflush size	: 64
cache_alignment	: 64
address sizes	: 39 bits physical, 48 bits virtual
power management:

processor	: 2
vendor_id	: GenuineIntel
cpu family	: 6
model		: 60
model name	: Intel(R) Core(TM) i7-4700MQ CPU @ 2.40GHz
stepping	: 3
microcode	: 0x16
cpu MHz		: 2952.562
cache size	: 6144 KB
physical id	: 0
siblings	: 8
core id		: 1
cpu cores	: 4
apicid		: 2
initial apicid	: 2
fpu		: yes
fpu_exception	: yes
cpuid level	: 13
wp		: yes
flags		: fpu vme de pse tsc msr pae mce cx8 apic sep mtrr pge mca cmov pat pse36 clflush dts acpi mmx fxsr sse sse2 ss ht tm pbe syscall nx pdpe1gb rdtscp lm constant_tsc arch_perfmon pebs bts rep_good nopl xtopology nonstop_tsc aperfmperf eagerfpu pni pclmulqdq dtes64 monitor ds_cpl vmx est tm2 ssse3 sdbg fma cx16 xtpr pdcm pcid sse4_1 sse4_2 movbe popcnt tsc_deadline_timer aes xsave avx f16c rdrand lahf_lm abm epb tpr_shadow vnmi flexpriority ept vpid fsgsbase tsc_adjust bmi1 avx2 smep bmi2 erms invpcid xsaveopt dtherm ida arat pln pts
bugs		:
bogomips	: 4789.28
clflush size	: 64
cache_alignment	: 64
address sizes	: 39 bits physical, 48 bits virtual
power management:

processor	: 3
vendor_id	: GenuineIntel
cpu family	: 6
model		: 60
model name	: Intel(R) Core(TM) i7-4700MQ CPU @ 2.40GHz
stepping	: 3
microcode	: 0x16
cpu MHz		: 3199.968
cache size	: 6144 KB
physical id	: 0
siblings	: 8
core id		: 1
cpu cores	: 4
apicid		: 3
initial apicid	: 3
fpu		: yes
fpu_exception	: yes
cpuid level	: 13
wp		: yes
flags		: fpu vme de pse tsc msr pae mce cx8 apic sep mtrr pge mca cmov pat pse36 clflush dts acpi mmx fxsr sse sse2 ss ht tm pbe syscall nx pdpe1gb rdtscp lm constant_tsc arch_perfmon pebs bts rep_good nopl xtopology nonstop_tsc aperfmperf eagerfpu pni pclmulqdq dtes64 monitor ds_cpl vmx est tm2 ssse3 sdbg fma cx16 xtpr pdcm pcid sse4_1 sse4_2 movbe popcnt tsc_deadline_timer aes xsave avx f16c rdrand lahf_lm abm epb tpr_shadow vnmi flexpriority ept vpid fsgsbase tsc_adjust bmi1 avx2 smep bmi2 erms invpcid xsaveopt dtherm ida arat pln pts
bugs		:
bogomips	: 4789.28
clflush size	: 64
cache_alignment	: 64
address sizes	: 39 bits physical, 48 bits virtual
power management:

processor	: 4
vendor_id	: GenuineIntel
cpu family	: 6
model		: 60
model name	: Intel(R) Core(TM) i7-4700MQ CPU @ 2.40GHz
stepping	: 3
microcode	: 0x16
cpu MHz		: 3221.437
cache size	: 6144 KB
physical id	: 0
siblings	: 8
core id		: 2
cpu cores	: 4
apicid		: 4
initial apicid	: 4
fpu		: yes
fpu_exception	: yes
cpuid level	: 13
wp		: yes
flags		: fpu vme de pse tsc msr pae mce cx8 apic sep mtrr pge mca cmov pat pse36 clflush dts acpi mmx fxsr sse sse2 ss ht tm pbe syscall nx pdpe1gb rdtscp lm constant_tsc arch_perfmon pebs bts rep_good nopl xtopology nonstop_tsc aperfmperf eagerfpu pni pclmulqdq dtes64 monitor ds_cpl vmx est tm2 ssse3 sdbg fma cx16 xtpr pdcm pcid sse4_1 sse4_2 movbe popcnt tsc_deadline_timer aes xsave avx f16c rdrand lahf_lm abm epb tpr_shadow vnmi flexpriority ept vpid fsgsbase tsc_adjust bmi1 avx2 smep bmi2 erms invpcid xsaveopt dtherm ida arat pln pts
bugs		:
bogomips	: 4789.28
clflush size	: 64
cache_alignment	: 64
address sizes	: 39 bits physical, 48 bits virtual
power management:

processor	: 5
vendor_id	: GenuineIntel
cpu family	: 6
model		: 60
model name	: Intel(R) Core(TM) i7-4700MQ CPU @ 2.40GHz
stepping	: 3
microcode	: 0x16
cpu MHz		: 3199.968
cache size	: 6144 KB
physical id	: 0
siblings	: 8
core id		: 2
cpu cores	: 4
apicid		: 5
initial apicid	: 5
fpu		: yes
fpu_exception	: yes
cpuid level	: 13
wp		: yes
flags		: fpu vme de pse tsc msr pae mce cx8 apic sep mtrr pge mca cmov pat pse36 clflush dts acpi mmx fxsr sse sse2 ss ht tm pbe syscall nx pdpe1gb rdtscp lm constant_tsc arch_perfmon pebs bts rep_good nopl xtopology nonstop_tsc aperfmperf eagerfpu pni pclmulqdq dtes64 monitor ds_cpl vmx est tm2 ssse3 sdbg fma cx16 xtpr pdcm pcid sse4_1 sse4_2 movbe popcnt tsc_deadline_timer aes xsave avx f16c rdrand lahf_lm abm epb tpr_shadow vnmi flexpriority ept vpid fsgsbase tsc_adjust bmi1 avx2 smep bmi2 erms invpcid xsaveopt dtherm ida arat pln pts
bugs		:
bogomips	: 4789.28
clflush size	: 64
cache_alignment	: 64
address sizes	: 39 bits physical, 48 bits virtual
power management:

processor	: 6
vendor_id	: GenuineIntel
cpu family	: 6
model		: 60
model name	: Intel(R) Core(TM) i7-4700MQ CPU @ 2.40GHz
stepping	: 3
microcode	: 0x16
cpu MHz		: 3188.625
cache size	: 6144 KB
physical id	: 0
siblings	: 8
core id		: 3
cpu cores	: 4
apicid		: 6
initial apicid	: 6
fpu		: yes
fpu_exception	: yes
cpuid level	: 13
wp		: yes
flags		: fpu vme de pse tsc msr pae mce cx8 apic sep mtrr pge mca cmov pat pse36 clflush dts acpi mmx fxsr sse sse2 ss ht tm pbe syscall nx pdpe1gb rdtscp lm constant_tsc arch_perfmon pebs bts rep_good nopl xtopology nonstop_tsc aperfmperf eagerfpu pni pclmulqdq dtes64 monitor ds_cpl vmx est tm2 ssse3 sdbg fma cx16 xtpr pdcm pcid sse4_1 sse4_2 movbe popcnt tsc_deadline_timer aes xsave avx f16c rdrand lahf_lm abm epb tpr_shadow vnmi flexpriority ept vpid fsgsbase tsc_adjust bmi1 avx2 smep bmi2 erms invpcid xsaveopt dtherm ida arat pln pts
bugs		:
bogomips	: 4789.28
clflush size	: 64
cache_alignment	: 64
address sizes	: 39 bits physical, 48 bits virtual
power management:

processor	: 7
vendor_id	: GenuineIntel
cpu family	: 6
model		: 60
model name	: Intel(R) Core(TM) i7-4700MQ CPU @ 2.40GHz
stepping	: 3
microcode	: 0x16
cpu MHz		: 2962.687
cache size	: 6144 KB
physical id	: 0
siblings	: 8
core id		: 3
cpu cores	: 4
apicid		: 7
initial apicid	: 7
fpu		: yes
fpu_exception	: yes
cpuid level	: 13
wp		: yes
flags		: fpu vme de pse tsc msr pae mce cx8 apic sep mtrr pge mca cmov pat pse36 clflush dts acpi mmx fxsr sse sse2 ss ht tm pbe syscall nx pdpe1gb rdtscp lm constant_tsc arch_perfmon pebs bts rep_good nopl xtopology nonstop_tsc aperfmperf eagerfpu pni pclmulqdq dtes64 monitor ds_cpl vmx est tm2 ssse3 sdbg fma cx16 xtpr pdcm pcid sse4_1 sse4_2 movbe popcnt tsc_deadline_timer aes xsave avx f16c rdrand lahf_lm abm epb tpr_shadow vnmi flexpriority ept vpid fsgsbase tsc_adjust bmi1 avx2 smep bmi2 erms invpcid xsaveopt dtherm ida arat pln pts
bugs		:
bogomips	: 4789.28
clflush size	: 64
cache_alignment	: 64
address sizes	: 39 bits physical, 48 bits virtual
power management:



Memory: 4k page, physical 8101800k(59056k free), swap 0k(0k free)

vm_info: Java HotSpot(TM) 64-Bit Server VM (25.91-b14) for linux-amd64 JRE (1.8.0_91-b14), built on Apr  1 2016 00:57:21 by "java_re" with gcc 4.3.0 20080428 (Red Hat 4.3.0-8)

time: Wed Aug  3 11:40:40 2016
elapsed time: 173 seconds (0d 0h 2m 53s)

